[22:36:30.142] [INFO   ] thread main starting.
[22:36:30.149] [SEVERE ] cannot read configuration file config.properties trying from resources.
[22:36:30.151] [SEVERE ] configuration file was loaded from resources directory.
[22:36:30.937] [INFO   ] thread dealer starting.
[22:36:30.939] [INFO   ] Thread dealer starting.
[22:36:30.941] [INFO   ] Thread player 1starting.
[22:36:30.941] [INFO   ] Thread player 0starting.
[22:36:30.999] [SEVERE ] placing card 72 in slot 0
[22:36:31.061] [SEVERE ] placing card 47 in slot 1
[22:36:31.123] [SEVERE ] placing card 31 in slot 2
[22:36:31.184] [SEVERE ] placing card 71 in slot 3
[22:36:31.278] [SEVERE ] placing card 21 in slot 4
[22:36:31.341] [SEVERE ] placing card 41 in slot 5
[22:36:31.403] [SEVERE ] placing card 73 in slot 6
[22:36:31.465] [SEVERE ] placing card 65 in slot 7
[22:36:31.528] [SEVERE ] placing card 32 in slot 8
[22:36:31.590] [SEVERE ] placing card 56 in slot 9
[22:36:31.653] [SEVERE ] placing card 1 in slot 10
[22:36:31.715] [SEVERE ] placing card 53 in slot 11
[22:36:31.715] [SEVERE ] updating countdown to 60000
[22:36:32.229] [SEVERE ] updating countdown to 60000
[22:36:32.745] [SEVERE ] updating countdown to 59496
[22:36:33.246] [SEVERE ] updating countdown to 58980
[22:36:33.350] [SEVERE ] exit button pressed
[22:36:33.350] [SEVERE ] player 1 placing token on slot 0
[22:36:33.350] [SEVERE ] player 2 placing token on slot 0
[22:36:33.350] [INFO   ] Thread player 0 terminated.
[22:36:33.351] [INFO   ] Thread player 1 terminated.
[22:36:33.761] [SEVERE ] updating countdown to 58479
[22:36:33.822] [SEVERE ] removing tokens from slot 0
[22:36:33.823] [SEVERE ] removing card from slot 0
[22:36:33.885] [SEVERE ] removing tokens from slot 1
[22:36:33.885] [SEVERE ] removing card from slot 1
[22:36:33.949] [SEVERE ] removing tokens from slot 2
[22:36:33.949] [SEVERE ] removing card from slot 2
[22:36:34.010] [SEVERE ] removing tokens from slot 3
[22:36:34.010] [SEVERE ] removing card from slot 3
[22:36:34.072] [SEVERE ] removing tokens from slot 4
[22:36:34.072] [SEVERE ] removing card from slot 4
[22:36:34.134] [SEVERE ] removing tokens from slot 5
[22:36:34.135] [SEVERE ] removing card from slot 5
[22:36:34.196] [SEVERE ] removing tokens from slot 6
[22:36:34.196] [SEVERE ] removing card from slot 6
[22:36:34.259] [SEVERE ] removing tokens from slot 7
[22:36:34.260] [SEVERE ] removing card from slot 7
[22:36:34.321] [SEVERE ] removing tokens from slot 8
[22:36:34.322] [SEVERE ] removing card from slot 8
[22:36:34.383] [SEVERE ] removing tokens from slot 9
[22:36:34.383] [SEVERE ] removing card from slot 9
[22:36:34.444] [SEVERE ] removing tokens from slot 10
[22:36:34.445] [SEVERE ] removing card from slot 10
[22:36:34.506] [SEVERE ] removing tokens from slot 11
[22:36:34.507] [SEVERE ] removing card from slot 11
[22:36:34.507] [SEVERE ] announcing winner(s): player 1, player 2
[22:36:34.510] [INFO   ] Thread dealer terminated.
[22:36:34.510] [INFO   ] thread dealer terminated.
[22:36:34.510] [SEVERE ] thanks for playing... it was fun!
[22:36:34.510] [INFO   ] thread main terminated.
