[02:02:53.128] [INFO   ] thread main starting.
[02:02:53.137] [SEVERE ] cannot read configuration file config.properties trying from resources.
[02:02:53.150] [SEVERE ] configuration file was loaded from resources directory.
[02:02:53.799] [INFO   ] thread dealer starting.
[02:02:53.799] [INFO   ] Thread dealer starting.
[02:02:53.800] [INFO   ] Thread player 0starting.
[02:02:53.800] [INFO   ] Thread player 1starting.
[02:02:53.855] [SEVERE ] placing card 63 in slot 0
[02:02:53.917] [SEVERE ] placing card 17 in slot 1
[02:02:53.981] [SEVERE ] placing card 46 in slot 2
[02:02:54.043] [SEVERE ] placing card 13 in slot 3
[02:02:54.104] [SEVERE ] placing card 52 in slot 4
[02:02:54.165] [SEVERE ] placing card 64 in slot 5
[02:02:54.227] [SEVERE ] placing card 79 in slot 6
[02:02:54.289] [SEVERE ] placing card 37 in slot 7
[02:02:54.352] [SEVERE ] placing card 76 in slot 8
[02:02:54.413] [SEVERE ] placing card 32 in slot 9
[02:02:54.475] [SEVERE ] placing card 22 in slot 10
[02:02:54.538] [SEVERE ] placing card 28 in slot 11
[02:02:54.553] [SEVERE ] updating countdown to 60000
[02:02:55.068] [SEVERE ] updating countdown to 60000
[02:02:55.584] [SEVERE ] updating countdown to 59490
[02:02:55.586] [SEVERE ] key 81 was pressed by player 1
[02:02:55.586] [SEVERE ] player 1 placing token on slot 0
[02:02:55.640] [SEVERE ] key 87 was pressed by player 1
[02:02:55.641] [SEVERE ] player 1 placing token on slot 1
[02:02:55.720] [SEVERE ] key 69 was pressed by player 1
[02:02:55.720] [SEVERE ] player 1 placing token on slot 2
[02:02:55.721] [INFO   ] Thread dealer interrupted while wait for setCall
[02:02:55.722] [INFO   ] Thread dealer notified 0 with the answer PENALTY
[02:02:55.722] [SEVERE ] setting player 1 freeze to 3000
[02:02:56.224] [SEVERE ] updating countdown to 58974
[02:02:56.723] [SEVERE ] setting player 1 freeze to 2000
[02:02:56.726] [SEVERE ] updating countdown to 58334
[02:02:57.241] [SEVERE ] updating countdown to 57832
[02:02:57.723] [SEVERE ] setting player 1 freeze to 1000
[02:02:57.745] [SEVERE ] updating countdown to 57317
[02:02:58.248] [SEVERE ] updating countdown to 56813
[02:02:58.723] [SEVERE ] setting player 1 freeze to 0
[02:02:58.723] [SEVERE ] setting player 1 freeze to 0
[02:02:58.751] [SEVERE ] updating countdown to 56310
[02:02:59.265] [SEVERE ] updating countdown to 55807
[02:02:59.777] [SEVERE ] updating countdown to 55293
[02:03:00.280] [SEVERE ] updating countdown to 54781
[02:03:00.792] [SEVERE ] updating countdown to 54278
[02:03:01.304] [SEVERE ] updating countdown to 53766
[02:03:01.817] [SEVERE ] updating countdown to 53254
[02:03:02.331] [SEVERE ] updating countdown to 52741
[02:03:02.846] [SEVERE ] updating countdown to 52227
[02:03:03.358] [SEVERE ] updating countdown to 51712
[02:03:03.864] [SEVERE ] key 81 was pressed by player 1
[02:03:03.865] [SEVERE ] removing player 1 token from slot 0
[02:03:03.871] [SEVERE ] updating countdown to 51200
[02:03:03.976] [SEVERE ] key 87 was pressed by player 1
[02:03:03.976] [SEVERE ] removing player 1 token from slot 1
[02:03:04.095] [SEVERE ] key 69 was pressed by player 1
[02:03:04.095] [SEVERE ] removing player 1 token from slot 2
[02:03:04.385] [SEVERE ] updating countdown to 50687
[02:03:04.899] [SEVERE ] updating countdown to 50173
[02:03:05.412] [SEVERE ] updating countdown to 49659
[02:03:05.880] [SEVERE ] key 69 was pressed by player 1
[02:03:05.880] [SEVERE ] player 1 placing token on slot 2
[02:03:05.915] [SEVERE ] updating countdown to 49146
[02:03:06.417] [SEVERE ] updating countdown to 48643
[02:03:06.928] [SEVERE ] updating countdown to 48141
[02:03:07.443] [SEVERE ] updating countdown to 47630
[02:03:07.959] [SEVERE ] updating countdown to 47115
[02:03:08.472] [SEVERE ] updating countdown to 46599
[02:03:08.983] [SEVERE ] updating countdown to 46086
[02:03:09.424] [SEVERE ] key 68 was pressed by player 1
[02:03:09.425] [SEVERE ] player 1 placing token on slot 6
[02:03:09.485] [SEVERE ] updating countdown to 45575
[02:03:09.997] [SEVERE ] updating countdown to 45073
[02:03:10.510] [SEVERE ] updating countdown to 44561
[02:03:11.022] [SEVERE ] updating countdown to 44048
[02:03:11.534] [SEVERE ] updating countdown to 43536
[02:03:12.046] [SEVERE ] updating countdown to 43024
[02:03:12.558] [SEVERE ] updating countdown to 42512
[02:03:13.060] [SEVERE ] updating countdown to 42000
[02:03:13.573] [SEVERE ] updating countdown to 41498
[02:03:14.074] [SEVERE ] updating countdown to 40985
[02:03:14.584] [SEVERE ] updating countdown to 40484
[02:03:15.098] [SEVERE ] updating countdown to 39974
[02:03:15.612] [SEVERE ] updating countdown to 39460
[02:03:16.123] [SEVERE ] updating countdown to 38946
[02:03:16.635] [SEVERE ] updating countdown to 38435
[02:03:17.148] [SEVERE ] updating countdown to 37923
[02:03:17.662] [SEVERE ] updating countdown to 37410
[02:03:18.177] [SEVERE ] updating countdown to 36896
[02:03:18.689] [SEVERE ] updating countdown to 36381
[02:03:19.204] [SEVERE ] updating countdown to 35869
[02:03:19.718] [SEVERE ] updating countdown to 35354
[02:03:20.234] [SEVERE ] updating countdown to 34840
[02:03:20.735] [SEVERE ] updating countdown to 34324
[02:03:21.240] [SEVERE ] updating countdown to 33823
[02:03:21.744] [SEVERE ] updating countdown to 33318
[02:03:22.259] [SEVERE ] updating countdown to 32814
[02:03:22.585] [SEVERE ] key 67 was pressed by player 1
[02:03:22.586] [SEVERE ] player 1 placing token on slot 10
[02:03:22.586] [INFO   ] Thread dealer interrupted while wait for setCall
[02:03:22.647] [SEVERE ] removing tokens from slot 2
[02:03:22.647] [SEVERE ] removing card from slot 2
[02:03:22.709] [SEVERE ] removing tokens from slot 6
[02:03:22.709] [SEVERE ] removing card from slot 6
[02:03:22.772] [SEVERE ] removing tokens from slot 10
[02:03:22.772] [SEVERE ] removing card from slot 10
[02:03:22.772] [SEVERE ] setting player 1 score to 1
[02:03:22.773] [INFO   ] Thread dealer notified 0 with the answer POINT
[02:03:22.773] [SEVERE ] setting player 1 freeze to 1000
[02:03:22.834] [SEVERE ] placing card 47 in slot 2
[02:03:22.897] [SEVERE ] placing card 38 in slot 6
[02:03:22.960] [SEVERE ] placing card 45 in slot 10
[02:03:22.962] [SEVERE ] updating countdown to 60000
[02:03:23.475] [SEVERE ] updating countdown to 60000
[02:03:23.773] [SEVERE ] setting player 1 freeze to 0
[02:03:23.773] [SEVERE ] setting player 1 freeze to 0
[02:03:23.977] [SEVERE ] updating countdown to 59487
[02:03:24.492] [SEVERE ] updating countdown to 58985
[02:03:25.007] [SEVERE ] updating countdown to 58470
[02:03:25.519] [SEVERE ] updating countdown to 57955
[02:03:26.034] [SEVERE ] updating countdown to 57443
[02:03:26.549] [SEVERE ] updating countdown to 56928
[02:03:27.063] [SEVERE ] updating countdown to 56413
[02:03:27.577] [SEVERE ] updating countdown to 55899
[02:03:28.087] [SEVERE ] key 86 was pressed by player 1
[02:03:28.088] [SEVERE ] player 1 placing token on slot 11
[02:03:28.090] [SEVERE ] updating countdown to 55385
[02:03:28.152] [SEVERE ] key 67 was pressed by player 1
[02:03:28.152] [SEVERE ] player 1 placing token on slot 10
[02:03:28.591] [SEVERE ] updating countdown to 54872
[02:03:29.104] [SEVERE ] updating countdown to 54371
[02:03:29.528] [SEVERE ] key 68 was pressed by player 1
[02:03:29.529] [SEVERE ] player 1 placing token on slot 6
[02:03:29.529] [INFO   ] Thread dealer interrupted while wait for setCall
[02:03:29.583] [SEVERE ] removing tokens from slot 11
[02:03:29.583] [SEVERE ] removing card from slot 11
[02:03:29.644] [SEVERE ] removing tokens from slot 10
[02:03:29.645] [SEVERE ] removing card from slot 10
[02:03:29.707] [SEVERE ] removing tokens from slot 6
[02:03:29.707] [SEVERE ] removing card from slot 6
[02:03:29.707] [SEVERE ] setting player 1 score to 2
[02:03:29.709] [INFO   ] Thread dealer notified 0 with the answer POINT
[02:03:29.709] [SEVERE ] setting player 1 freeze to 1000
[02:03:29.769] [SEVERE ] placing card 33 in slot 6
[02:03:29.830] [SEVERE ] placing card 4 in slot 10
[02:03:29.892] [SEVERE ] placing card 66 in slot 11
[02:03:29.893] [SEVERE ] updating countdown to 60000
[02:03:30.409] [SEVERE ] updating countdown to 60000
[02:03:30.710] [SEVERE ] setting player 1 freeze to 0
[02:03:30.710] [SEVERE ] setting player 1 freeze to 0
[02:03:30.911] [SEVERE ] updating countdown to 59485
[02:03:31.414] [SEVERE ] updating countdown to 58983
[02:03:31.928] [SEVERE ] updating countdown to 58480
[02:03:32.439] [SEVERE ] updating countdown to 57966
[02:03:32.955] [SEVERE ] updating countdown to 57455
[02:03:33.467] [SEVERE ] updating countdown to 56940
[02:03:33.792] [SEVERE ] key 65 was pressed by player 1
[02:03:33.792] [SEVERE ] player 1 placing token on slot 4
[02:03:33.879] [SEVERE ] key 83 was pressed by player 1
[02:03:33.879] [SEVERE ] player 1 placing token on slot 5
[02:03:33.968] [SEVERE ] updating countdown to 56428
[02:03:34.478] [SEVERE ] updating countdown to 55926
[02:03:34.989] [SEVERE ] updating countdown to 55416
[02:03:35.359] [SEVERE ] key 67 was pressed by player 1
[02:03:35.360] [SEVERE ] player 1 placing token on slot 10
[02:03:35.360] [INFO   ] Thread dealer interrupted while wait for setCall
[02:03:35.425] [SEVERE ] removing tokens from slot 4
[02:03:35.425] [SEVERE ] removing card from slot 4
[02:03:35.487] [SEVERE ] removing tokens from slot 5
[02:03:35.487] [SEVERE ] removing card from slot 5
[02:03:35.549] [SEVERE ] removing tokens from slot 10
[02:03:35.549] [SEVERE ] removing card from slot 10
[02:03:35.549] [SEVERE ] setting player 1 score to 3
[02:03:35.550] [INFO   ] Thread dealer notified 0 with the answer POINT
[02:03:35.550] [SEVERE ] setting player 1 freeze to 1000
[02:03:35.611] [SEVERE ] placing card 80 in slot 4
[02:03:35.673] [SEVERE ] placing card 34 in slot 5
[02:03:35.736] [SEVERE ] placing card 23 in slot 10
[02:03:35.737] [SEVERE ] updating countdown to 60000
[02:03:36.238] [SEVERE ] updating countdown to 60000
[02:03:36.550] [SEVERE ] setting player 1 freeze to 0
[02:03:36.550] [SEVERE ] setting player 1 freeze to 0
[02:03:36.752] [SEVERE ] updating countdown to 59499
[02:03:37.265] [SEVERE ] updating countdown to 58985
[02:03:37.779] [SEVERE ] updating countdown to 58472
[02:03:38.294] [SEVERE ] updating countdown to 57958
[02:03:38.807] [SEVERE ] updating countdown to 57443
[02:03:39.322] [SEVERE ] updating countdown to 56930
[02:03:39.480] [SEVERE ] key 69 was pressed by player 1
[02:03:39.481] [SEVERE ] player 1 placing token on slot 2
[02:03:39.836] [SEVERE ] updating countdown to 56415
[02:03:40.337] [SEVERE ] updating countdown to 55901
[02:03:40.386] [SEVERE ] key 65 was pressed by player 1
[02:03:40.386] [SEVERE ] player 1 placing token on slot 4
[02:03:40.850] [SEVERE ] updating countdown to 55400
[02:03:40.975] [SEVERE ] key 67 was pressed by player 1
[02:03:40.975] [SEVERE ] player 1 placing token on slot 10
[02:03:40.976] [INFO   ] Thread dealer interrupted while wait for setCall
[02:03:41.037] [SEVERE ] removing tokens from slot 2
[02:03:41.037] [SEVERE ] removing card from slot 2
[02:03:41.100] [SEVERE ] removing tokens from slot 4
[02:03:41.100] [SEVERE ] removing card from slot 4
[02:03:41.162] [SEVERE ] removing tokens from slot 10
[02:03:41.162] [SEVERE ] removing card from slot 10
[02:03:41.164] [SEVERE ] setting player 1 score to 4
[02:03:41.164] [INFO   ] Thread dealer notified 0 with the answer POINT
[02:03:41.164] [SEVERE ] setting player 1 freeze to 1000
[02:03:41.225] [SEVERE ] placing card 26 in slot 2
[02:03:41.288] [SEVERE ] placing card 57 in slot 4
[02:03:41.350] [SEVERE ] placing card 8 in slot 10
[02:03:41.351] [SEVERE ] updating countdown to 60000
[02:03:41.866] [SEVERE ] updating countdown to 60000
[02:03:42.164] [SEVERE ] setting player 1 freeze to 0
[02:03:42.164] [SEVERE ] setting player 1 freeze to 0
[02:03:42.380] [SEVERE ] updating countdown to 59485
[02:03:42.895] [SEVERE ] updating countdown to 58971
[02:03:43.410] [SEVERE ] updating countdown to 58456
[02:03:43.712] [SEVERE ] key 69 was pressed by player 1
[02:03:43.712] [SEVERE ] player 1 placing token on slot 2
[02:03:43.923] [SEVERE ] updating countdown to 57941
[02:03:44.041] [SEVERE ] key 65 was pressed by player 1
[02:03:44.041] [SEVERE ] player 1 placing token on slot 4
[02:03:44.438] [SEVERE ] updating countdown to 57428
[02:03:44.951] [SEVERE ] updating countdown to 56913
[02:03:45.452] [SEVERE ] updating countdown to 56400
[02:03:45.481] [SEVERE ] key 70 was pressed by player 1
[02:03:45.481] [SEVERE ] player 1 placing token on slot 7
[02:03:45.482] [INFO   ] Thread dealer interrupted while wait for setCall
[02:03:45.544] [SEVERE ] removing tokens from slot 2
[02:03:45.544] [SEVERE ] removing card from slot 2
[02:03:45.607] [SEVERE ] removing tokens from slot 4
[02:03:45.607] [SEVERE ] removing card from slot 4
[02:03:45.669] [SEVERE ] removing tokens from slot 7
[02:03:45.669] [SEVERE ] removing card from slot 7
[02:03:45.670] [SEVERE ] setting player 1 score to 5
[02:03:45.670] [INFO   ] Thread dealer notified 0 with the answer POINT
[02:03:45.670] [SEVERE ] setting player 1 freeze to 1000
[02:03:45.731] [SEVERE ] placing card 16 in slot 2
[02:03:45.793] [SEVERE ] placing card 60 in slot 4
[02:03:45.856] [SEVERE ] placing card 27 in slot 7
[02:03:45.857] [SEVERE ] updating countdown to 60000
[02:03:46.362] [SEVERE ] updating countdown to 60000
[02:03:46.670] [SEVERE ] setting player 1 freeze to 0
[02:03:46.670] [SEVERE ] setting player 1 freeze to 0
[02:03:46.863] [SEVERE ] updating countdown to 59495
[02:03:47.378] [SEVERE ] updating countdown to 58994
[02:03:47.891] [SEVERE ] updating countdown to 58479
[02:03:48.017] [SEVERE ] key 83 was pressed by player 1
[02:03:48.017] [SEVERE ] player 1 placing token on slot 5
[02:03:48.392] [SEVERE ] updating countdown to 57966
[02:03:48.584] [SEVERE ] key 70 was pressed by player 1
[02:03:48.584] [SEVERE ] player 1 placing token on slot 7
[02:03:48.906] [SEVERE ] updating countdown to 57465
[02:03:48.936] [SEVERE ] key 88 was pressed by player 1
[02:03:48.936] [SEVERE ] player 1 placing token on slot 9
[02:03:48.936] [INFO   ] Thread dealer interrupted while wait for setCall
[02:03:48.998] [SEVERE ] removing tokens from slot 5
[02:03:48.998] [SEVERE ] removing card from slot 5
[02:03:49.060] [SEVERE ] removing tokens from slot 7
[02:03:49.060] [SEVERE ] removing card from slot 7
[02:03:49.123] [SEVERE ] removing tokens from slot 9
[02:03:49.123] [SEVERE ] removing card from slot 9
[02:03:49.124] [SEVERE ] setting player 1 score to 6
[02:03:49.124] [INFO   ] Thread dealer notified 0 with the answer POINT
[02:03:49.125] [SEVERE ] setting player 1 freeze to 1000
[02:03:49.184] [SEVERE ] placing card 31 in slot 5
[02:03:49.245] [SEVERE ] placing card 78 in slot 7
[02:03:49.308] [SEVERE ] placing card 73 in slot 9
[02:03:49.309] [SEVERE ] updating countdown to 60000
[02:03:49.824] [SEVERE ] updating countdown to 60000
[02:03:50.125] [SEVERE ] setting player 1 freeze to 0
[02:03:50.125] [SEVERE ] setting player 1 freeze to 0
[02:03:50.338] [SEVERE ] updating countdown to 59485
[02:03:50.853] [SEVERE ] updating countdown to 58971
[02:03:51.366] [SEVERE ] updating countdown to 58456
[02:03:51.440] [SEVERE ] key 82 was pressed by player 1
[02:03:51.441] [SEVERE ] player 1 placing token on slot 3
[02:03:51.880] [SEVERE ] updating countdown to 57943
[02:03:52.216] [SEVERE ] key 83 was pressed by player 1
[02:03:52.217] [SEVERE ] player 1 placing token on slot 5
[02:03:52.382] [SEVERE ] updating countdown to 57429
[02:03:52.894] [SEVERE ] updating countdown to 56927
[02:03:53.145] [SEVERE ] key 90 was pressed by player 1
[02:03:53.145] [SEVERE ] player 1 placing token on slot 8
[02:03:53.146] [INFO   ] Thread dealer interrupted while wait for setCall
[02:03:53.205] [SEVERE ] removing tokens from slot 3
[02:03:53.205] [SEVERE ] removing card from slot 3
[02:03:53.269] [SEVERE ] removing tokens from slot 5
[02:03:53.269] [SEVERE ] removing card from slot 5
[02:03:53.330] [SEVERE ] removing tokens from slot 8
[02:03:53.330] [SEVERE ] removing card from slot 8
[02:03:53.330] [SEVERE ] setting player 1 score to 7
[02:03:53.330] [INFO   ] Thread dealer notified 0 with the answer POINT
[02:03:53.330] [SEVERE ] setting player 1 freeze to 1000
[02:03:53.394] [SEVERE ] placing card 12 in slot 3
[02:03:53.456] [SEVERE ] placing card 61 in slot 5
[02:03:53.518] [SEVERE ] placing card 20 in slot 8
[02:03:53.518] [SEVERE ] updating countdown to 60000
[02:03:54.034] [SEVERE ] updating countdown to 60000
[02:03:54.330] [SEVERE ] setting player 1 freeze to 0
[02:03:54.330] [SEVERE ] setting player 1 freeze to 0
[02:03:54.538] [SEVERE ] updating countdown to 59484
[02:03:55.048] [SEVERE ] updating countdown to 58980
[02:03:55.432] [SEVERE ] key 83 was pressed by player 1
[02:03:55.432] [SEVERE ] player 1 placing token on slot 5
[02:03:55.563] [SEVERE ] updating countdown to 58470
[02:03:55.864] [SEVERE ] key 68 was pressed by player 1
[02:03:55.864] [SEVERE ] player 1 placing token on slot 6
[02:03:56.075] [SEVERE ] updating countdown to 57955
[02:03:56.513] [SEVERE ] key 67 was pressed by player 1
[02:03:56.513] [SEVERE ] player 1 placing token on slot 10
[02:03:56.514] [INFO   ] Thread dealer interrupted while wait for setCall
[02:03:56.572] [SEVERE ] removing tokens from slot 5
[02:03:56.572] [SEVERE ] removing card from slot 5
[02:03:56.635] [SEVERE ] removing tokens from slot 6
[02:03:56.635] [SEVERE ] removing card from slot 6
[02:03:56.697] [SEVERE ] removing tokens from slot 10
[02:03:56.697] [SEVERE ] removing card from slot 10
[02:03:56.698] [SEVERE ] setting player 1 score to 8
[02:03:56.698] [INFO   ] Thread dealer notified 0 with the answer POINT
[02:03:56.698] [SEVERE ] setting player 1 freeze to 1000
[02:03:56.760] [SEVERE ] placing card 54 in slot 5
[02:03:56.823] [SEVERE ] placing card 5 in slot 6
[02:03:56.885] [SEVERE ] placing card 56 in slot 10
[02:03:56.886] [SEVERE ] updating countdown to 60000
[02:03:57.401] [SEVERE ] updating countdown to 60000
[02:03:57.698] [SEVERE ] setting player 1 freeze to 0
[02:03:57.698] [SEVERE ] setting player 1 freeze to 0
[02:03:57.915] [SEVERE ] updating countdown to 59485
[02:03:58.428] [SEVERE ] updating countdown to 58971
[02:03:58.930] [SEVERE ] updating countdown to 58458
[02:03:59.378] [SEVERE ] key 83 was pressed by player 1
[02:03:59.378] [SEVERE ] player 1 placing token on slot 5
[02:03:59.438] [SEVERE ] updating countdown to 57956
[02:03:59.912] [SEVERE ] key 70 was pressed by player 1
[02:03:59.912] [SEVERE ] player 1 placing token on slot 7
[02:03:59.951] [SEVERE ] updating countdown to 57448
[02:04:00.440] [SEVERE ] key 86 was pressed by player 1
[02:04:00.440] [SEVERE ] player 1 placing token on slot 11
[02:04:00.441] [INFO   ] Thread dealer interrupted while wait for setCall
[02:04:00.495] [SEVERE ] removing tokens from slot 5
[02:04:00.495] [SEVERE ] removing card from slot 5
[02:04:00.558] [SEVERE ] removing tokens from slot 7
[02:04:00.558] [SEVERE ] removing card from slot 7
[02:04:00.619] [SEVERE ] removing tokens from slot 11
[02:04:00.619] [SEVERE ] removing card from slot 11
[02:04:00.619] [SEVERE ] setting player 1 score to 9
[02:04:00.619] [INFO   ] Thread dealer notified 0 with the answer POINT
[02:04:00.619] [SEVERE ] setting player 1 freeze to 1000
[02:04:00.682] [SEVERE ] placing card 18 in slot 5
[02:04:00.746] [SEVERE ] placing card 39 in slot 7
[02:04:00.809] [SEVERE ] placing card 65 in slot 11
[02:04:00.810] [SEVERE ] updating countdown to 60000
[02:04:01.310] [SEVERE ] updating countdown to 60000
[02:04:01.619] [SEVERE ] setting player 1 freeze to 0
[02:04:01.619] [SEVERE ] setting player 1 freeze to 0
[02:04:01.814] [SEVERE ] updating countdown to 59500
[02:04:02.316] [SEVERE ] updating countdown to 58996
[02:04:02.369] [SEVERE ] key 65 was pressed by player 1
[02:04:02.369] [SEVERE ] player 1 placing token on slot 4
[02:04:02.829] [SEVERE ] updating countdown to 58494
[02:04:03.295] [SEVERE ] key 83 was pressed by player 1
[02:04:03.295] [SEVERE ] player 1 placing token on slot 5
[02:04:03.343] [SEVERE ] updating countdown to 57981
[02:04:03.858] [SEVERE ] updating countdown to 57467
[02:04:04.335] [SEVERE ] key 70 was pressed by player 1
[02:04:04.335] [SEVERE ] player 1 placing token on slot 7
[02:04:04.335] [INFO   ] Thread dealer interrupted while wait for setCall
[02:04:04.386] [SEVERE ] removing tokens from slot 4
[02:04:04.387] [SEVERE ] removing card from slot 4
[02:04:04.450] [SEVERE ] removing tokens from slot 5
[02:04:04.450] [SEVERE ] removing card from slot 5
[02:04:04.511] [SEVERE ] removing tokens from slot 7
[02:04:04.511] [SEVERE ] removing card from slot 7
[02:04:04.512] [SEVERE ] setting player 1 score to 10
[02:04:04.512] [INFO   ] Thread dealer notified 0 with the answer POINT
[02:04:04.512] [SEVERE ] setting player 1 freeze to 1000
[02:04:04.574] [SEVERE ] placing card 24 in slot 4
[02:04:04.637] [SEVERE ] placing card 77 in slot 5
[02:04:04.700] [SEVERE ] placing card 59 in slot 7
[02:04:04.700] [SEVERE ] updating countdown to 60000
[02:04:05.206] [SEVERE ] updating countdown to 60000
[02:04:05.512] [SEVERE ] setting player 1 freeze to 0
[02:04:05.512] [SEVERE ] setting player 1 freeze to 0
[02:04:05.707] [SEVERE ] updating countdown to 59494
[02:04:06.209] [SEVERE ] updating countdown to 58993
[02:04:06.722] [SEVERE ] updating countdown to 58491
[02:04:07.235] [SEVERE ] updating countdown to 57978
[02:04:07.328] [SEVERE ] key 87 was pressed by player 1
[02:04:07.328] [SEVERE ] player 1 placing token on slot 1
[02:04:07.749] [SEVERE ] updating countdown to 57465
[02:04:08.031] [SEVERE ] key 68 was pressed by player 1
[02:04:08.032] [SEVERE ] player 1 placing token on slot 6
[02:04:08.262] [SEVERE ] updating countdown to 56951
[02:04:08.577] [SEVERE ] key 90 was pressed by player 1
[02:04:08.578] [SEVERE ] player 1 placing token on slot 8
[02:04:08.578] [INFO   ] Thread dealer interrupted while wait for setCall
[02:04:08.639] [SEVERE ] removing tokens from slot 1
[02:04:08.639] [SEVERE ] removing card from slot 1
[02:04:08.701] [SEVERE ] removing tokens from slot 6
[02:04:08.701] [SEVERE ] removing card from slot 6
[02:04:08.763] [SEVERE ] removing tokens from slot 8
[02:04:08.763] [SEVERE ] removing card from slot 8
[02:04:08.765] [SEVERE ] setting player 1 score to 11
[02:04:08.765] [INFO   ] Thread dealer notified 0 with the answer POINT
[02:04:08.765] [SEVERE ] setting player 1 freeze to 1000
[02:04:08.826] [SEVERE ] placing card 72 in slot 1
[02:04:08.887] [SEVERE ] placing card 10 in slot 6
[02:04:08.951] [SEVERE ] placing card 3 in slot 8
[02:04:08.951] [SEVERE ] updating countdown to 60000
[02:04:09.465] [SEVERE ] updating countdown to 60000
[02:04:09.766] [SEVERE ] setting player 1 freeze to 0
[02:04:09.766] [SEVERE ] setting player 1 freeze to 0
[02:04:09.966] [SEVERE ] updating countdown to 59486
[02:04:10.477] [SEVERE ] updating countdown to 58985
[02:04:10.497] [SEVERE ] key 81 was pressed by player 1
[02:04:10.497] [SEVERE ] player 1 placing token on slot 0
[02:04:10.991] [SEVERE ] updating countdown to 58474
[02:04:11.144] [SEVERE ] key 88 was pressed by player 1
[02:04:11.144] [SEVERE ] player 1 placing token on slot 9
[02:04:11.354] [SEVERE ] key 67 was pressed by player 1
[02:04:11.354] [SEVERE ] player 1 placing token on slot 10
[02:04:11.355] [INFO   ] Thread dealer interrupted while wait for setCall
[02:04:11.414] [SEVERE ] removing tokens from slot 0
[02:04:11.414] [SEVERE ] removing card from slot 0
[02:04:11.476] [SEVERE ] removing tokens from slot 9
[02:04:11.476] [SEVERE ] removing card from slot 9
[02:04:11.539] [SEVERE ] removing tokens from slot 10
[02:04:11.539] [SEVERE ] removing card from slot 10
[02:04:11.540] [SEVERE ] setting player 1 score to 12
[02:04:11.541] [INFO   ] Thread dealer notified 0 with the answer POINT
[02:04:11.541] [SEVERE ] setting player 1 freeze to 1000
[02:04:11.601] [SEVERE ] placing card 21 in slot 0
[02:04:11.663] [SEVERE ] placing card 35 in slot 9
[02:04:11.726] [SEVERE ] placing card 67 in slot 10
[02:04:11.727] [SEVERE ] updating countdown to 60000
[02:04:12.241] [SEVERE ] updating countdown to 60000
[02:04:12.541] [SEVERE ] setting player 1 freeze to 0
[02:04:12.541] [SEVERE ] setting player 1 freeze to 0
[02:04:12.756] [SEVERE ] updating countdown to 59486
[02:04:13.136] [SEVERE ] key 81 was pressed by player 1
[02:04:13.137] [SEVERE ] player 1 placing token on slot 0
[02:04:13.269] [SEVERE ] updating countdown to 58971
[02:04:13.689] [SEVERE ] key 82 was pressed by player 1
[02:04:13.689] [SEVERE ] player 1 placing token on slot 3
[02:04:13.783] [SEVERE ] updating countdown to 58458
[02:04:14.294] [SEVERE ] updating countdown to 57944
[02:04:14.300] [SEVERE ] key 90 was pressed by player 1
[02:04:14.300] [SEVERE ] player 1 placing token on slot 8
[02:04:14.301] [INFO   ] Thread dealer interrupted while wait for setCall
[02:04:14.356] [SEVERE ] removing tokens from slot 0
[02:04:14.357] [SEVERE ] removing card from slot 0
[02:04:14.419] [SEVERE ] removing tokens from slot 3
[02:04:14.419] [SEVERE ] removing card from slot 3
[02:04:14.481] [SEVERE ] removing tokens from slot 8
[02:04:14.481] [SEVERE ] removing card from slot 8
[02:04:14.481] [SEVERE ] setting player 1 score to 13
[02:04:14.483] [INFO   ] Thread dealer notified 0 with the answer POINT
[02:04:14.483] [SEVERE ] setting player 1 freeze to 1000
[02:04:14.544] [SEVERE ] placing card 75 in slot 0
[02:04:14.604] [SEVERE ] placing card 19 in slot 3
[02:04:14.665] [SEVERE ] placing card 49 in slot 8
[02:04:14.665] [SEVERE ] updating countdown to 60000
[02:04:15.167] [SEVERE ] updating countdown to 60000
[02:04:15.483] [SEVERE ] setting player 1 freeze to 0
[02:04:15.483] [SEVERE ] setting player 1 freeze to 0
[02:04:15.680] [SEVERE ] updating countdown to 59498
[02:04:16.121] [SEVERE ] key 81 was pressed by player 1
[02:04:16.121] [SEVERE ] player 1 placing token on slot 0
[02:04:16.195] [SEVERE ] updating countdown to 58985
[02:04:16.695] [SEVERE ] updating countdown to 58470
[02:04:17.208] [SEVERE ] updating countdown to 57970
[02:04:17.312] [SEVERE ] key 68 was pressed by player 1
[02:04:17.312] [SEVERE ] player 1 placing token on slot 6
[02:04:17.711] [SEVERE ] updating countdown to 57457
[02:04:18.161] [SEVERE ] key 67 was pressed by player 1
[02:04:18.162] [SEVERE ] player 1 placing token on slot 10
[02:04:18.162] [INFO   ] Thread dealer interrupted while wait for setCall
[02:04:18.162] [INFO   ] Thread dealer notified 0 with the answer PENALTY
[02:04:18.162] [SEVERE ] setting player 1 freeze to 3000
[02:04:18.666] [SEVERE ] updating countdown to 56954
[02:04:19.163] [SEVERE ] setting player 1 freeze to 2000
[02:04:19.179] [SEVERE ] updating countdown to 55999
[02:04:19.682] [SEVERE ] updating countdown to 55486
[02:04:20.163] [SEVERE ] setting player 1 freeze to 1000
[02:04:20.184] [SEVERE ] updating countdown to 54983
[02:04:20.699] [SEVERE ] updating countdown to 54481
[02:04:21.163] [SEVERE ] setting player 1 freeze to 0
[02:04:21.163] [SEVERE ] setting player 1 freeze to 0
[02:04:21.203] [SEVERE ] updating countdown to 53966
[02:04:21.704] [SEVERE ] updating countdown to 53462
[02:04:22.205] [SEVERE ] updating countdown to 52961
[02:04:22.719] [SEVERE ] updating countdown to 52460
[02:04:23.112] [SEVERE ] key 68 was pressed by player 1
[02:04:23.112] [SEVERE ] removing player 1 token from slot 6
[02:04:23.220] [SEVERE ] updating countdown to 51946
[02:04:23.568] [SEVERE ] key 70 was pressed by player 1
[02:04:23.568] [SEVERE ] player 1 placing token on slot 7
[02:04:23.568] [INFO   ] Thread dealer interrupted while wait for setCall
[02:04:23.625] [SEVERE ] removing tokens from slot 0
[02:04:23.625] [SEVERE ] removing card from slot 0
[02:04:23.688] [SEVERE ] removing tokens from slot 10
[02:04:23.688] [SEVERE ] removing card from slot 10
[02:04:23.749] [SEVERE ] removing tokens from slot 7
[02:04:23.749] [SEVERE ] removing card from slot 7
[02:04:23.749] [SEVERE ] setting player 1 score to 14
[02:04:23.750] [INFO   ] Thread dealer notified 0 with the answer POINT
[02:04:23.750] [SEVERE ] setting player 1 freeze to 1000
[02:04:23.811] [SEVERE ] placing card 29 in slot 0
[02:04:23.873] [SEVERE ] placing card 30 in slot 7
[02:04:23.936] [SEVERE ] placing card 41 in slot 10
[02:04:23.936] [SEVERE ] updating countdown to 60000
[02:04:24.450] [SEVERE ] updating countdown to 60000
[02:04:24.750] [SEVERE ] setting player 1 freeze to 0
[02:04:24.750] [SEVERE ] setting player 1 freeze to 0
[02:04:24.952] [SEVERE ] updating countdown to 59487
[02:04:25.466] [SEVERE ] updating countdown to 58985
[02:04:25.978] [SEVERE ] updating countdown to 58471
[02:04:26.492] [SEVERE ] updating countdown to 57959
[02:04:26.695] [SEVERE ] key 70 was pressed by player 1
[02:04:26.695] [SEVERE ] player 1 placing token on slot 7
[02:04:26.993] [SEVERE ] updating countdown to 57445
[02:04:27.129] [SEVERE ] key 90 was pressed by player 1
[02:04:27.129] [SEVERE ] player 1 placing token on slot 8
[02:04:27.504] [SEVERE ] updating countdown to 56944
[02:04:28.019] [SEVERE ] updating countdown to 56433
[02:04:28.089] [SEVERE ] key 67 was pressed by player 1
[02:04:28.089] [SEVERE ] player 1 placing token on slot 10
[02:04:28.089] [INFO   ] Thread dealer interrupted while wait for setCall
[02:04:28.145] [SEVERE ] removing tokens from slot 7
[02:04:28.145] [SEVERE ] removing card from slot 7
[02:04:28.207] [SEVERE ] removing tokens from slot 8
[02:04:28.208] [SEVERE ] removing card from slot 8
[02:04:28.270] [SEVERE ] removing tokens from slot 10
[02:04:28.270] [SEVERE ] removing card from slot 10
[02:04:28.273] [SEVERE ] setting player 1 score to 15
[02:04:28.273] [INFO   ] Thread dealer notified 0 with the answer POINT
[02:04:28.273] [SEVERE ] setting player 1 freeze to 1000
[02:04:28.331] [SEVERE ] placing card 40 in slot 7
[02:04:28.393] [SEVERE ] placing card 42 in slot 8
[02:04:28.454] [SEVERE ] placing card 15 in slot 10
[02:04:28.454] [SEVERE ] updating countdown to 60000
[02:04:28.969] [SEVERE ] updating countdown to 60000
[02:04:29.273] [SEVERE ] setting player 1 freeze to 0
[02:04:29.273] [SEVERE ] setting player 1 freeze to 0
[02:04:29.471] [SEVERE ] updating countdown to 59486
[02:04:29.986] [SEVERE ] updating countdown to 58984
[02:04:30.498] [SEVERE ] updating countdown to 58469
[02:04:31.013] [SEVERE ] updating countdown to 57957
[02:04:31.528] [SEVERE ] updating countdown to 57442
[02:04:32.044] [SEVERE ] updating countdown to 56927
[02:04:32.558] [SEVERE ] updating countdown to 56411
[02:04:33.071] [SEVERE ] updating countdown to 55897
[02:04:33.583] [SEVERE ] updating countdown to 55384
[02:04:34.083] [SEVERE ] updating countdown to 54872
[02:04:34.598] [SEVERE ] updating countdown to 54372
[02:04:35.108] [SEVERE ] updating countdown to 53857
[02:04:35.610] [SEVERE ] updating countdown to 53347
[02:04:36.124] [SEVERE ] updating countdown to 52845
[02:04:36.625] [SEVERE ] updating countdown to 52331
[02:04:37.138] [SEVERE ] updating countdown to 51830
[02:04:37.639] [SEVERE ] updating countdown to 51317
[02:04:38.151] [SEVERE ] updating countdown to 50816
[02:04:38.665] [SEVERE ] updating countdown to 50304
[02:04:39.179] [SEVERE ] updating countdown to 49790
[02:04:39.528] [SEVERE ] key 80 was pressed by player 2
[02:04:39.529] [SEVERE ] player 2 placing token on slot 3
[02:04:39.616] [SEVERE ] key 79 was pressed by player 2
[02:04:39.616] [SEVERE ] player 2 placing token on slot 2
[02:04:39.664] [SEVERE ] key 73 was pressed by player 2
[02:04:39.664] [SEVERE ] player 2 placing token on slot 1
[02:04:39.665] [INFO   ] Thread dealer interrupted while wait for setCall
[02:04:39.665] [INFO   ] Thread dealer notified 1 with the answer PENALTY
[02:04:39.665] [SEVERE ] setting player 2 freeze to 3000
[02:04:39.953] [SEVERE ] key 76 was pressed by player 2
[02:04:40.025] [SEVERE ] key 75 was pressed by player 2
[02:04:40.144] [SEVERE ] key 59 was pressed by player 2
[02:04:40.176] [SEVERE ] updating countdown to 49276
[02:04:40.233] [SEVERE ] key 76 was pressed by player 2
[02:04:40.312] [SEVERE ] key 75 was pressed by player 2
[02:04:40.440] [SEVERE ] key 59 was pressed by player 2
[02:04:40.511] [SEVERE ] key 76 was pressed by player 2
[02:04:40.576] [SEVERE ] key 75 was pressed by player 2
[02:04:40.665] [SEVERE ] setting player 2 freeze to 2000
[02:04:40.678] [SEVERE ] updating countdown to 48279
[02:04:40.704] [SEVERE ] key 59 was pressed by player 2
[02:04:40.760] [SEVERE ] key 76 was pressed by player 2
[02:04:41.179] [SEVERE ] updating countdown to 47777
[02:04:41.320] [SEVERE ] key 90 was pressed by player 1
[02:04:41.320] [SEVERE ] player 1 placing token on slot 8
[02:04:41.665] [SEVERE ] setting player 2 freeze to 1000
[02:04:41.693] [SEVERE ] updating countdown to 47276
[02:04:41.760] [SEVERE ] key 90 was pressed by player 1
[02:04:41.760] [SEVERE ] removing player 1 token from slot 8
[02:04:42.088] [SEVERE ] key 90 was pressed by player 1
[02:04:42.088] [SEVERE ] player 1 placing token on slot 8
[02:04:42.195] [SEVERE ] updating countdown to 46762
[02:04:42.387] [SEVERE ] key 88 was pressed by player 1
[02:04:42.387] [SEVERE ] player 1 placing token on slot 9
[02:04:42.665] [SEVERE ] setting player 2 freeze to 0
[02:04:42.665] [SEVERE ] setting player 2 freeze to 0
[02:04:42.697] [SEVERE ] updating countdown to 46260
[02:04:43.209] [SEVERE ] updating countdown to 45758
[02:04:43.673] [SEVERE ] key 76 was pressed by player 2
[02:04:43.713] [SEVERE ] key 59 was pressed by player 2
[02:04:43.722] [SEVERE ] updating countdown to 45246
[02:04:43.864] [SEVERE ] key 79 was pressed by player 2
[02:04:43.864] [SEVERE ] removing player 2 token from slot 2
[02:04:44.080] [SEVERE ] key 80 was pressed by player 2
[02:04:44.081] [SEVERE ] removing player 2 token from slot 3
[02:04:44.235] [SEVERE ] updating countdown to 44733
[02:04:44.706] [SEVERE ] key 76 was pressed by player 2
[02:04:44.706] [SEVERE ] player 2 placing token on slot 6
[02:04:44.735] [SEVERE ] updating countdown to 44220
[02:04:44.952] [SEVERE ] key 59 was pressed by player 2
[02:04:44.952] [SEVERE ] player 2 placing token on slot 7
[02:04:44.952] [INFO   ] Thread dealer interrupted while wait for setCall
[02:04:44.952] [INFO   ] Thread dealer notified 1 with the answer PENALTY
[02:04:44.952] [SEVERE ] setting player 2 freeze to 3000
[02:04:45.111] [SEVERE ] key 76 was pressed by player 2
[02:04:45.454] [SEVERE ] updating countdown to 43720
[02:04:45.952] [SEVERE ] setting player 2 freeze to 2000
[02:04:45.958] [SEVERE ] updating countdown to 43001
[02:04:46.467] [SEVERE ] updating countdown to 42497
[02:04:46.952] [SEVERE ] setting player 2 freeze to 1000
[02:04:46.960] [SEVERE ] key 90 was pressed by player 1
[02:04:46.960] [SEVERE ] removing player 1 token from slot 8
[02:04:46.968] [SEVERE ] updating countdown to 41988
[02:04:47.384] [SEVERE ] key 88 was pressed by player 1
[02:04:47.384] [SEVERE ] removing player 1 token from slot 9
[02:04:47.472] [SEVERE ] updating countdown to 41487
[02:04:47.952] [SEVERE ] setting player 2 freeze to 0
[02:04:47.952] [SEVERE ] setting player 2 freeze to 0
[02:04:47.978] [SEVERE ] updating countdown to 40983
[02:04:48.492] [SEVERE ] updating countdown to 40477
[02:04:49.006] [SEVERE ] updating countdown to 39963
[02:04:49.519] [SEVERE ] updating countdown to 39449
[02:04:50.024] [SEVERE ] exit button pressed
[02:04:50.024] [INFO   ] Thread player 1 terminated.
[02:04:50.024] [SEVERE ] player 1 placing token on slot 0
[02:04:50.025] [INFO   ] Thread player 0 terminated.
[02:04:50.032] [SEVERE ] updating countdown to 38936
[02:04:50.094] [SEVERE ] removing tokens from slot 0
[02:04:50.094] [SEVERE ] removing card from slot 0
[02:04:50.156] [SEVERE ] removing tokens from slot 1
[02:04:50.156] [SEVERE ] removing card from slot 1
[02:04:50.218] [SEVERE ] removing tokens from slot 2
[02:04:50.218] [SEVERE ] removing card from slot 2
[02:04:50.280] [SEVERE ] removing tokens from slot 3
[02:04:50.280] [SEVERE ] removing card from slot 3
[02:04:50.341] [SEVERE ] removing tokens from slot 4
[02:04:50.341] [SEVERE ] removing card from slot 4
[02:04:50.404] [SEVERE ] removing tokens from slot 5
[02:04:50.404] [SEVERE ] removing card from slot 5
[02:04:50.466] [SEVERE ] removing tokens from slot 6
[02:04:50.466] [SEVERE ] removing card from slot 6
[02:04:50.528] [SEVERE ] removing tokens from slot 7
[02:04:50.529] [SEVERE ] removing card from slot 7
[02:04:50.592] [SEVERE ] removing tokens from slot 8
[02:04:50.592] [SEVERE ] removing card from slot 8
[02:04:50.654] [SEVERE ] removing tokens from slot 9
[02:04:50.654] [SEVERE ] removing card from slot 9
[02:04:50.716] [SEVERE ] removing tokens from slot 10
[02:04:50.716] [SEVERE ] removing card from slot 10
[02:04:50.779] [SEVERE ] removing tokens from slot 11
[02:04:50.779] [SEVERE ] removing card from slot 11
[02:04:50.780] [SEVERE ] announcing winner(s): player 1
[02:04:50.781] [INFO   ] Thread dealer terminated.
[02:04:50.781] [INFO   ] thread dealer terminated.
[02:04:50.781] [SEVERE ] thanks for playing... it was fun!
[02:04:50.781] [INFO   ] thread main terminated.
