[02:01:41.418] [INFO   ] thread main starting.
[02:01:41.428] [SEVERE ] cannot read configuration file config.properties trying from resources.
[02:01:41.430] [SEVERE ] configuration file was loaded from resources directory.
[02:01:42.084] [INFO   ] thread dealer starting.
[02:01:42.084] [INFO   ] Thread dealer starting.
[02:01:42.085] [INFO   ] Thread player 0starting.
[02:01:42.085] [INFO   ] Thread player 1starting.
[02:01:42.138] [SEVERE ] placing card 79 in slot 0
[02:01:42.201] [SEVERE ] placing card 76 in slot 1
[02:01:42.264] [SEVERE ] placing card 78 in slot 2
[02:01:42.326] [SEVERE ] placing card 34 in slot 3
[02:01:42.389] [SEVERE ] placing card 77 in slot 4
[02:01:42.451] [SEVERE ] placing card 70 in slot 5
[02:01:42.512] [SEVERE ] placing card 47 in slot 6
[02:01:42.575] [SEVERE ] placing card 16 in slot 7
[02:01:42.637] [SEVERE ] placing card 31 in slot 8
[02:01:42.698] [SEVERE ] placing card 10 in slot 9
[02:01:42.760] [SEVERE ] placing card 24 in slot 10
[02:01:42.821] [SEVERE ] placing card 55 in slot 11
[02:01:42.831] [SEVERE ] updating countdown to 60000
[02:01:43.334] [SEVERE ] updating countdown to 60000
[02:01:43.599] [SEVERE ] key 81 was pressed by player 1
[02:01:43.600] [SEVERE ] player 1 placing token on slot 0
[02:01:43.631] [SEVERE ] key 87 was pressed by player 1
[02:01:43.632] [SEVERE ] player 1 placing token on slot 1
[02:01:43.735] [SEVERE ] key 69 was pressed by player 1
[02:01:43.736] [SEVERE ] player 1 placing token on slot 2
[02:01:43.736] [INFO   ] Thread dealer interrupted while wait for setCall
[02:01:43.738] [INFO   ] Thread dealer notified 0 with the answer PENALTY
[02:01:43.738] [SEVERE ] setting player 1 freeze to 1000
[02:01:44.240] [SEVERE ] updating countdown to 59499
[02:01:44.756] [SEVERE ] updating countdown to 58593
[02:01:45.268] [SEVERE ] updating countdown to 58077
[02:01:45.784] [SEVERE ] updating countdown to 57565
[02:01:46.299] [SEVERE ] updating countdown to 57049
[02:01:46.738] [SEVERE ] setting player 1 freeze to -2000
[02:01:46.739] [SEVERE ] setting player 1 freeze to 0
[02:01:46.813] [SEVERE ] updating countdown to 56534
[02:01:47.316] [SEVERE ] updating countdown to 56020
[02:01:47.825] [SEVERE ] updating countdown to 55517
[02:01:47.927] [SEVERE ] key 69 was pressed by player 1
[02:01:47.927] [SEVERE ] removing player 1 token from slot 2
[02:01:48.339] [SEVERE ] updating countdown to 55008
[02:01:48.647] [SEVERE ] key 87 was pressed by player 1
[02:01:48.648] [SEVERE ] removing player 1 token from slot 1
[02:01:48.853] [SEVERE ] updating countdown to 54494
[02:01:49.344] [SEVERE ] key 81 was pressed by player 1
[02:01:49.344] [SEVERE ] removing player 1 token from slot 0
[02:01:49.365] [SEVERE ] updating countdown to 53980
[02:01:49.876] [SEVERE ] updating countdown to 53468
[02:01:50.391] [SEVERE ] updating countdown to 52957
[02:01:50.901] [SEVERE ] updating countdown to 52442
[02:01:51.415] [SEVERE ] updating countdown to 51932
[02:01:51.930] [SEVERE ] updating countdown to 51418
[02:01:52.444] [SEVERE ] updating countdown to 50903
[02:01:52.958] [SEVERE ] updating countdown to 50389
[02:01:53.470] [SEVERE ] updating countdown to 49875
[02:01:53.981] [SEVERE ] updating countdown to 49363
[02:01:54.493] [SEVERE ] updating countdown to 48852
[02:01:55.008] [SEVERE ] updating countdown to 48340
[02:01:55.522] [SEVERE ] updating countdown to 47825
[02:01:56.033] [SEVERE ] updating countdown to 47311
[02:01:56.546] [SEVERE ] updating countdown to 46800
[02:01:57.060] [SEVERE ] updating countdown to 46287
[02:01:57.572] [SEVERE ] updating countdown to 45773
[02:01:58.087] [SEVERE ] updating countdown to 45261
[02:01:58.600] [SEVERE ] updating countdown to 44746
[02:01:59.102] [SEVERE ] updating countdown to 44233
[02:01:59.615] [SEVERE ] updating countdown to 43731
[02:02:00.126] [SEVERE ] updating countdown to 43218
[02:02:00.627] [SEVERE ] updating countdown to 42707
[02:02:01.138] [SEVERE ] updating countdown to 42206
[02:02:01.649] [SEVERE ] updating countdown to 41695
[02:02:02.164] [SEVERE ] updating countdown to 41184
[02:02:02.676] [SEVERE ] updating countdown to 40669
[02:02:03.191] [SEVERE ] updating countdown to 40157
[02:02:03.705] [SEVERE ] updating countdown to 39642
[02:02:04.206] [SEVERE ] updating countdown to 39128
[02:02:04.716] [SEVERE ] updating countdown to 38627
[02:02:05.229] [SEVERE ] updating countdown to 38118
[02:02:05.744] [SEVERE ] updating countdown to 37604
[02:02:06.260] [SEVERE ] updating countdown to 37089
[02:02:06.304] [SEVERE ] key 87 was pressed by player 1
[02:02:06.304] [SEVERE ] player 1 placing token on slot 1
[02:02:06.774] [SEVERE ] updating countdown to 36573
[02:02:06.823] [SEVERE ] key 82 was pressed by player 1
[02:02:06.824] [SEVERE ] player 1 placing token on slot 3
[02:02:07.287] [SEVERE ] updating countdown to 36059
[02:02:07.337] [SEVERE ] key 88 was pressed by player 1
[02:02:07.338] [SEVERE ] player 1 placing token on slot 9
[02:02:07.338] [INFO   ] Thread dealer interrupted while wait for setCall
[02:02:07.396] [SEVERE ] removing tokens from slot 1
[02:02:07.396] [SEVERE ] removing card from slot 1
[02:02:07.458] [SEVERE ] removing tokens from slot 3
[02:02:07.458] [SEVERE ] removing card from slot 3
[02:02:07.520] [SEVERE ] removing tokens from slot 9
[02:02:07.520] [SEVERE ] removing card from slot 9
[02:02:07.521] [SEVERE ] setting player 1 score to 1
[02:02:07.521] [INFO   ] Thread dealer notified 0 with the answer POINT
[02:02:07.521] [SEVERE ] setting player 1 freeze to 3000
[02:02:07.582] [SEVERE ] placing card 58 in slot 1
[02:02:07.644] [SEVERE ] placing card 22 in slot 3
[02:02:07.705] [SEVERE ] placing card 28 in slot 9
[02:02:07.707] [SEVERE ] updating countdown to 60000
[02:02:08.223] [SEVERE ] updating countdown to 60000
[02:02:08.738] [SEVERE ] updating countdown to 59485
[02:02:09.253] [SEVERE ] updating countdown to 58970
[02:02:09.758] [SEVERE ] updating countdown to 58455
[02:02:10.261] [SEVERE ] updating countdown to 57950
[02:02:10.522] [SEVERE ] setting player 1 freeze to 0
[02:02:10.522] [SEVERE ] setting player 1 freeze to 0
[02:02:10.765] [SEVERE ] updating countdown to 57447
[02:02:11.280] [SEVERE ] updating countdown to 56943
[02:02:11.793] [SEVERE ] updating countdown to 56428
[02:02:12.294] [SEVERE ] updating countdown to 55915
[02:02:12.808] [SEVERE ] updating countdown to 55414
[02:02:13.323] [SEVERE ] updating countdown to 54900
[02:02:13.837] [SEVERE ] updating countdown to 54385
[02:02:14.348] [SEVERE ] updating countdown to 53871
[02:02:14.864] [SEVERE ] updating countdown to 53360
[02:02:15.377] [SEVERE ] updating countdown to 52844
[02:02:15.893] [SEVERE ] updating countdown to 52331
[02:02:16.394] [SEVERE ] updating countdown to 51815
[02:02:16.906] [SEVERE ] updating countdown to 51314
[02:02:17.418] [SEVERE ] updating countdown to 50802
[02:02:17.919] [SEVERE ] updating countdown to 50290
[02:02:18.428] [SEVERE ] updating countdown to 49789
[02:02:18.944] [SEVERE ] updating countdown to 49280
[02:02:19.444] [SEVERE ] updating countdown to 48764
[02:02:19.957] [SEVERE ] updating countdown to 48264
[02:02:20.459] [SEVERE ] updating countdown to 47751
[02:02:20.961] [SEVERE ] updating countdown to 47249
[02:02:21.476] [SEVERE ] updating countdown to 46747
[02:02:21.914] [SEVERE ] exit button pressed
[02:02:21.915] [SEVERE ] player 2 placing token on slot 0
[02:02:21.915] [SEVERE ] player 1 placing token on slot 0
[02:02:21.915] [INFO   ] Thread player 1 terminated.
[02:02:21.915] [INFO   ] Thread player 0 terminated.
[02:02:21.988] [SEVERE ] updating countdown to 46232
[02:02:22.051] [SEVERE ] removing tokens from slot 0
[02:02:22.052] [SEVERE ] removing card from slot 0
[02:02:22.113] [SEVERE ] removing tokens from slot 1
[02:02:22.113] [SEVERE ] removing card from slot 1
[02:02:22.175] [SEVERE ] removing tokens from slot 2
[02:02:22.175] [SEVERE ] removing card from slot 2
[02:02:22.237] [SEVERE ] removing tokens from slot 3
[02:02:22.237] [SEVERE ] removing card from slot 3
[02:02:22.299] [SEVERE ] removing tokens from slot 4
[02:02:22.299] [SEVERE ] removing card from slot 4
[02:02:22.362] [SEVERE ] removing tokens from slot 5
[02:02:22.362] [SEVERE ] removing card from slot 5
[02:02:22.425] [SEVERE ] removing tokens from slot 6
[02:02:22.425] [SEVERE ] removing card from slot 6
[02:02:22.488] [SEVERE ] removing tokens from slot 7
[02:02:22.489] [SEVERE ] removing card from slot 7
[02:02:22.552] [SEVERE ] removing tokens from slot 8
[02:02:22.552] [SEVERE ] removing card from slot 8
[02:02:22.613] [SEVERE ] removing tokens from slot 9
[02:02:22.613] [SEVERE ] removing card from slot 9
[02:02:22.676] [SEVERE ] removing tokens from slot 10
[02:02:22.676] [SEVERE ] removing card from slot 10
[02:02:22.739] [SEVERE ] removing tokens from slot 11
[02:02:22.739] [SEVERE ] removing card from slot 11
[02:02:22.740] [SEVERE ] announcing winner(s): player 1
[02:02:22.742] [INFO   ] Thread dealer terminated.
[02:02:22.743] [INFO   ] thread dealer terminated.
[02:02:22.743] [SEVERE ] thanks for playing... it was fun!
[02:02:22.743] [INFO   ] thread main terminated.
