[01:48:51.558] [INFO   ] thread main starting.
[01:48:51.567] [SEVERE ] cannot read configuration file config.properties trying from resources.
[01:48:51.576] [SEVERE ] configuration file was loaded from resources directory.
[01:48:52.269] [INFO   ] thread dealer starting.
[01:48:52.270] [INFO   ] Thread dealer starting.
[01:48:52.270] [INFO   ] Thread player 0starting.
[01:48:52.271] [INFO   ] Thread player 1starting.
[01:48:52.322] [SEVERE ] placing card 2 in slot 0
[01:48:52.387] [SEVERE ] placing card 73 in slot 1
[01:48:52.451] [SEVERE ] placing card 55 in slot 2
[01:48:52.513] [SEVERE ] placing card 70 in slot 3
[01:48:52.575] [SEVERE ] placing card 61 in slot 4
[01:48:52.638] [SEVERE ] placing card 3 in slot 5
[01:48:52.702] [SEVERE ] placing card 47 in slot 6
[01:48:52.764] [SEVERE ] placing card 37 in slot 7
[01:48:52.827] [SEVERE ] placing card 57 in slot 8
[01:48:52.890] [SEVERE ] placing card 15 in slot 9
[01:48:52.952] [SEVERE ] placing card 39 in slot 10
[01:48:53.013] [SEVERE ] placing card 43 in slot 11
[01:48:53.013] [SEVERE ] updating countdown to 60000
[01:48:53.527] [SEVERE ] updating countdown to 60000
[01:48:54.042] [SEVERE ] updating countdown to 59499
[01:48:54.557] [SEVERE ] updating countdown to 58984
[01:48:55.069] [SEVERE ] updating countdown to 58469
[01:48:55.581] [SEVERE ] updating countdown to 57957
[01:48:56.097] [SEVERE ] updating countdown to 57445
[01:48:56.609] [SEVERE ] updating countdown to 56929
[01:48:57.123] [SEVERE ] updating countdown to 56417
[01:48:57.636] [SEVERE ] updating countdown to 55903
[01:48:58.138] [SEVERE ] updating countdown to 55390
[01:48:58.651] [SEVERE ] updating countdown to 54888
[01:48:59.152] [SEVERE ] updating countdown to 54375
[01:48:59.668] [SEVERE ] updating countdown to 53874
[01:49:00.184] [SEVERE ] updating countdown to 53358
[01:49:00.631] [SEVERE ] exit button pressed
[01:49:00.633] [SEVERE ] player 2 placing token on slot 0
[01:49:00.633] [SEVERE ] player 1 placing token on slot 0
[01:49:00.633] [INFO   ] Thread player 1 terminated.
[01:49:00.633] [INFO   ] Thread player 0 terminated.
[01:49:00.697] [SEVERE ] updating countdown to 52842
[01:49:00.759] [SEVERE ] removing tokens from slot 0
[01:49:00.759] [SEVERE ] removing card from slot 0
[01:49:00.820] [SEVERE ] removing tokens from slot 1
[01:49:00.820] [SEVERE ] removing card from slot 1
[01:49:00.882] [SEVERE ] removing tokens from slot 2
[01:49:00.882] [SEVERE ] removing card from slot 2
[01:49:00.944] [SEVERE ] removing tokens from slot 3
[01:49:00.944] [SEVERE ] removing card from slot 3
[01:49:01.006] [SEVERE ] removing tokens from slot 4
[01:49:01.006] [SEVERE ] removing card from slot 4
[01:49:01.069] [SEVERE ] removing tokens from slot 5
[01:49:01.069] [SEVERE ] removing card from slot 5
[01:49:01.131] [SEVERE ] removing tokens from slot 6
[01:49:01.132] [SEVERE ] removing card from slot 6
[01:49:01.193] [SEVERE ] removing tokens from slot 7
[01:49:01.194] [SEVERE ] removing card from slot 7
[01:49:01.256] [SEVERE ] removing tokens from slot 8
[01:49:01.256] [SEVERE ] removing card from slot 8
[01:49:01.319] [SEVERE ] removing tokens from slot 9
[01:49:01.319] [SEVERE ] removing card from slot 9
[01:49:01.381] [SEVERE ] removing tokens from slot 10
[01:49:01.382] [SEVERE ] removing card from slot 10
[01:49:01.444] [SEVERE ] removing tokens from slot 11
[01:49:01.444] [SEVERE ] removing card from slot 11
[01:49:01.444] [SEVERE ] announcing winner(s): player 1, player 2
[01:49:01.447] [INFO   ] Thread dealer terminated.
[01:49:01.447] [INFO   ] thread dealer terminated.
[01:49:01.447] [SEVERE ] thanks for playing... it was fun!
[01:49:01.447] [INFO   ] thread main terminated.
