[01:51:12.004] [INFO   ] thread main starting.
[01:51:12.011] [SEVERE ] cannot read configuration file config.properties trying from resources.
[01:51:12.014] [SEVERE ] configuration file was loaded from resources directory.
[01:51:12.608] [INFO   ] thread dealer starting.
[01:51:12.611] [INFO   ] Thread dealer starting.
[01:51:12.612] [INFO   ] Thread player 0starting.
[01:51:12.613] [INFO   ] Thread player 1starting.
[01:51:12.683] [SEVERE ] placing card 34 in slot 0
[01:51:12.744] [SEVERE ] placing card 45 in slot 1
[01:51:12.806] [SEVERE ] placing card 70 in slot 2
[01:51:12.868] [SEVERE ] placing card 58 in slot 3
[01:51:12.929] [SEVERE ] placing card 53 in slot 4
[01:51:12.992] [SEVERE ] placing card 78 in slot 5
[01:51:13.054] [SEVERE ] placing card 40 in slot 6
[01:51:13.117] [SEVERE ] placing card 62 in slot 7
[01:51:13.180] [SEVERE ] placing card 27 in slot 8
[01:51:13.240] [SEVERE ] placing card 72 in slot 9
[01:51:13.302] [SEVERE ] placing card 48 in slot 10
[01:51:13.363] [SEVERE ] placing card 33 in slot 11
[01:51:13.377] [SEVERE ] updating countdown to 60000
[01:51:13.893] [SEVERE ] updating countdown to 60000
[01:51:14.408] [SEVERE ] updating countdown to 59488
[01:51:14.924] [SEVERE ] updating countdown to 58973
[01:51:15.436] [SEVERE ] updating countdown to 58457
[01:51:15.951] [SEVERE ] updating countdown to 57945
[01:51:16.452] [SEVERE ] updating countdown to 57430
[01:51:16.967] [SEVERE ] updating countdown to 56929
[01:51:17.483] [SEVERE ] updating countdown to 56414
[01:51:17.985] [SEVERE ] updating countdown to 55899
[01:51:18.497] [SEVERE ] updating countdown to 55396
[01:51:19.009] [SEVERE ] updating countdown to 54884
[01:51:19.523] [SEVERE ] updating countdown to 54372
[01:51:20.039] [SEVERE ] updating countdown to 53858
[01:51:20.540] [SEVERE ] updating countdown to 53342
[01:51:21.055] [SEVERE ] updating countdown to 52841
[01:51:21.566] [SEVERE ] updating countdown to 52326
[01:51:22.079] [SEVERE ] updating countdown to 51815
[01:51:22.593] [SEVERE ] updating countdown to 51302
[01:51:23.096] [SEVERE ] updating countdown to 50788
[01:51:23.604] [SEVERE ] updating countdown to 50285
[01:51:24.117] [SEVERE ] updating countdown to 49777
[01:51:24.632] [SEVERE ] updating countdown to 49264
[01:51:25.146] [SEVERE ] updating countdown to 48749
[01:51:25.660] [SEVERE ] updating countdown to 48235
[01:51:26.174] [SEVERE ] updating countdown to 47721
[01:51:26.688] [SEVERE ] updating countdown to 47207
[01:51:27.190] [SEVERE ] updating countdown to 46693
[01:51:27.702] [SEVERE ] updating countdown to 46191
[01:51:28.216] [SEVERE ] updating countdown to 45679
[01:51:28.730] [SEVERE ] updating countdown to 45165
[01:51:29.241] [SEVERE ] updating countdown to 44651
[01:51:29.742] [SEVERE ] updating countdown to 44140
[01:51:30.255] [SEVERE ] updating countdown to 43639
[01:51:30.771] [SEVERE ] updating countdown to 43126
[01:51:31.285] [SEVERE ] updating countdown to 42610
[01:51:31.798] [SEVERE ] updating countdown to 42096
[01:51:32.312] [SEVERE ] updating countdown to 41583
[01:51:32.822] [SEVERE ] updating countdown to 41069
[01:51:33.337] [SEVERE ] updating countdown to 40559
[01:51:33.846] [SEVERE ] updating countdown to 40044
[01:51:34.359] [SEVERE ] updating countdown to 39535
[01:51:34.874] [SEVERE ] updating countdown to 39022
[01:51:35.387] [SEVERE ] updating countdown to 38507
[01:51:35.888] [SEVERE ] updating countdown to 37994
[01:51:36.401] [SEVERE ] updating countdown to 37493
[01:51:36.917] [SEVERE ] updating countdown to 36980
[01:51:37.431] [SEVERE ] updating countdown to 36464
[01:51:37.673] [SEVERE ] key 69 was pressed by player 1
[01:51:37.674] [SEVERE ] player 1 placing token on slot 2
[01:51:37.942] [SEVERE ] updating countdown to 35950
[01:51:38.027] [SEVERE ] key 83 was pressed by player 1
[01:51:38.027] [SEVERE ] player 1 placing token on slot 5
[01:51:38.443] [SEVERE ] key 70 was pressed by player 1
[01:51:38.443] [SEVERE ] player 1 placing token on slot 7
[01:51:38.444] [INFO   ] Thread dealer interrupted while wait for setCall
[01:51:38.444] [SEVERE ] updating countdown to 35439
[01:51:38.503] [SEVERE ] removing tokens from slot 2
[01:51:38.503] [SEVERE ] removing card from slot 2
[01:51:38.565] [SEVERE ] removing tokens from slot 5
[01:51:38.565] [SEVERE ] removing card from slot 5
[01:51:38.627] [SEVERE ] removing tokens from slot 7
[01:51:38.627] [SEVERE ] removing card from slot 7
[01:51:38.628] [SEVERE ] setting player 1 score to 1
[01:51:38.628] [INFO   ] Thread dealer notified 0 with the answer POINT
[01:51:38.628] [SEVERE ] setting player 1 freeze to 0
[01:51:38.629] [SEVERE ] setting player 1 freeze to 0
[01:51:38.691] [SEVERE ] placing card 32 in slot 2
[01:51:38.753] [SEVERE ] placing card 43 in slot 5
[01:51:38.816] [SEVERE ] placing card 79 in slot 7
[01:51:38.818] [SEVERE ] updating countdown to 60000
[01:51:39.330] [SEVERE ] updating countdown to 60000
[01:51:39.843] [SEVERE ] updating countdown to 59488
[01:51:40.344] [SEVERE ] updating countdown to 58975
[01:51:40.858] [SEVERE ] updating countdown to 58474
[01:51:41.370] [SEVERE ] updating countdown to 57960
[01:51:41.872] [SEVERE ] updating countdown to 57448
[01:51:42.383] [SEVERE ] updating countdown to 56946
[01:51:42.896] [SEVERE ] updating countdown to 56435
[01:51:43.411] [SEVERE ] updating countdown to 55922
[01:51:43.922] [SEVERE ] updating countdown to 55407
[01:51:44.437] [SEVERE ] updating countdown to 54896
[01:51:44.949] [SEVERE ] updating countdown to 54381
[01:51:45.450] [SEVERE ] updating countdown to 53869
[01:51:45.531] [SEVERE ] key 65 was pressed by player 1
[01:51:45.532] [SEVERE ] player 1 placing token on slot 4
[01:51:45.952] [SEVERE ] updating countdown to 53368
[01:51:46.464] [SEVERE ] updating countdown to 52866
[01:51:46.976] [SEVERE ] updating countdown to 52354
[01:51:47.323] [SEVERE ] key 68 was pressed by player 1
[01:51:47.324] [SEVERE ] player 1 placing token on slot 6
[01:51:47.489] [SEVERE ] updating countdown to 51842
[01:51:48.000] [SEVERE ] updating countdown to 51329
[01:51:48.147] [SEVERE ] key 90 was pressed by player 1
[01:51:48.148] [SEVERE ] player 1 placing token on slot 8
[01:51:48.148] [INFO   ] Thread dealer interrupted while wait for setCall
[01:51:48.203] [SEVERE ] removing tokens from slot 4
[01:51:48.203] [SEVERE ] removing card from slot 4
[01:51:48.265] [SEVERE ] removing tokens from slot 6
[01:51:48.265] [SEVERE ] removing card from slot 6
[01:51:48.327] [SEVERE ] removing tokens from slot 8
[01:51:48.327] [SEVERE ] removing card from slot 8
[01:51:48.329] [SEVERE ] setting player 1 score to 2
[01:51:48.329] [INFO   ] Thread dealer notified 0 with the answer POINT
[01:51:48.329] [SEVERE ] setting player 1 freeze to 0
[01:51:48.330] [SEVERE ] setting player 1 freeze to 0
[01:51:48.390] [SEVERE ] placing card 77 in slot 4
[01:51:48.453] [SEVERE ] placing card 66 in slot 6
[01:51:48.516] [SEVERE ] placing card 23 in slot 8
[01:51:48.518] [SEVERE ] updating countdown to 60000
[01:51:49.031] [SEVERE ] updating countdown to 60000
[01:51:49.546] [SEVERE ] updating countdown to 59488
[01:51:50.058] [SEVERE ] updating countdown to 58973
[01:51:50.570] [SEVERE ] updating countdown to 58461
[01:51:51.083] [SEVERE ] updating countdown to 57949
[01:51:51.597] [SEVERE ] updating countdown to 57436
[01:51:52.109] [SEVERE ] updating countdown to 56922
[01:51:52.622] [SEVERE ] updating countdown to 56410
[01:51:53.124] [SEVERE ] updating countdown to 55897
[01:51:53.632] [SEVERE ] updating countdown to 55395
[01:51:54.035] [SEVERE ] key 65 was pressed by player 1
[01:51:54.035] [SEVERE ] player 1 placing token on slot 4
[01:51:54.144] [SEVERE ] updating countdown to 54887
[01:51:54.657] [SEVERE ] updating countdown to 54375
[01:51:55.158] [SEVERE ] updating countdown to 53862
[01:51:55.331] [SEVERE ] key 70 was pressed by player 1
[01:51:55.332] [SEVERE ] player 1 placing token on slot 7
[01:51:55.672] [SEVERE ] updating countdown to 53361
[01:51:55.787] [SEVERE ] key 88 was pressed by player 1
[01:51:55.787] [SEVERE ] player 1 placing token on slot 9
[01:51:55.788] [INFO   ] Thread dealer interrupted while wait for setCall
[01:51:55.842] [SEVERE ] removing tokens from slot 4
[01:51:55.842] [SEVERE ] removing card from slot 4
[01:51:55.905] [SEVERE ] removing tokens from slot 7
[01:51:55.905] [SEVERE ] removing card from slot 7
[01:51:55.966] [SEVERE ] removing tokens from slot 9
[01:51:55.966] [SEVERE ] removing card from slot 9
[01:51:55.967] [SEVERE ] setting player 1 score to 3
[01:51:55.967] [INFO   ] Thread dealer notified 0 with the answer POINT
[01:51:55.967] [SEVERE ] setting player 1 freeze to 0
[01:51:55.968] [SEVERE ] setting player 1 freeze to 0
[01:51:56.029] [SEVERE ] placing card 46 in slot 4
[01:51:56.092] [SEVERE ] placing card 38 in slot 7
[01:51:56.153] [SEVERE ] placing card 44 in slot 9
[01:51:56.154] [SEVERE ] updating countdown to 60000
[01:51:56.669] [SEVERE ] updating countdown to 60000
[01:51:57.181] [SEVERE ] updating countdown to 59485
[01:51:57.696] [SEVERE ] updating countdown to 58973
[01:51:58.209] [SEVERE ] updating countdown to 58458
[01:51:58.723] [SEVERE ] updating countdown to 57945
[01:51:59.237] [SEVERE ] updating countdown to 57431
[01:51:59.748] [SEVERE ] updating countdown to 56917
[01:51:59.891] [SEVERE ] key 87 was pressed by player 1
[01:51:59.892] [SEVERE ] player 1 placing token on slot 1
[01:51:59.971] [SEVERE ] key 69 was pressed by player 1
[01:51:59.971] [SEVERE ] player 1 placing token on slot 2
[01:52:00.262] [SEVERE ] updating countdown to 56406
[01:52:00.411] [SEVERE ] key 68 was pressed by player 1
[01:52:00.411] [SEVERE ] player 1 placing token on slot 6
[01:52:00.412] [INFO   ] Thread dealer interrupted while wait for setCall
[01:52:00.412] [INFO   ] Thread dealer notified 0 with the answer PENALTY
[01:52:00.412] [SEVERE ] setting player 1 freeze to 0
[01:52:00.413] [SEVERE ] setting player 1 freeze to 0
[01:52:00.915] [SEVERE ] updating countdown to 55893
[01:52:01.431] [SEVERE ] updating countdown to 55239
[01:52:01.944] [SEVERE ] updating countdown to 54723
[01:52:02.123] [SEVERE ] key 68 was pressed by player 1
[01:52:02.123] [SEVERE ] removing player 1 token from slot 6
[01:52:02.387] [SEVERE ] key 83 was pressed by player 1
[01:52:02.387] [SEVERE ] player 1 placing token on slot 5
[01:52:02.387] [INFO   ] Thread dealer interrupted while wait for setCall
[01:52:02.446] [SEVERE ] removing tokens from slot 1
[01:52:02.446] [SEVERE ] removing card from slot 1
[01:52:02.509] [SEVERE ] removing tokens from slot 2
[01:52:02.509] [SEVERE ] removing card from slot 2
[01:52:02.571] [SEVERE ] removing tokens from slot 5
[01:52:02.571] [SEVERE ] removing card from slot 5
[01:52:02.571] [SEVERE ] setting player 1 score to 4
[01:52:02.571] [INFO   ] Thread dealer notified 0 with the answer POINT
[01:52:02.571] [SEVERE ] setting player 1 freeze to 0
[01:52:02.571] [SEVERE ] setting player 1 freeze to 0
[01:52:02.633] [SEVERE ] placing card 7 in slot 1
[01:52:02.696] [SEVERE ] placing card 57 in slot 2
[01:52:02.757] [SEVERE ] placing card 18 in slot 5
[01:52:02.758] [SEVERE ] updating countdown to 60000
[01:52:03.273] [SEVERE ] updating countdown to 60000
[01:52:03.785] [SEVERE ] updating countdown to 59485
[01:52:04.297] [SEVERE ] updating countdown to 58973
[01:52:04.808] [SEVERE ] updating countdown to 58461
[01:52:05.322] [SEVERE ] updating countdown to 57950
[01:52:05.834] [SEVERE ] updating countdown to 57436
[01:52:06.347] [SEVERE ] updating countdown to 56924
[01:52:06.859] [SEVERE ] updating countdown to 56411
[01:52:07.372] [SEVERE ] updating countdown to 55899
[01:52:07.886] [SEVERE ] updating countdown to 55386
[01:52:08.399] [SEVERE ] updating countdown to 54872
[01:52:08.910] [SEVERE ] updating countdown to 54359
[01:52:09.411] [SEVERE ] updating countdown to 53848
[01:52:09.919] [SEVERE ] updating countdown to 53347
[01:52:10.434] [SEVERE ] updating countdown to 52839
[01:52:10.946] [SEVERE ] updating countdown to 52324
[01:52:11.460] [SEVERE ] updating countdown to 51812
[01:52:11.975] [SEVERE ] updating countdown to 51298
[01:52:12.490] [SEVERE ] updating countdown to 50784
[01:52:13.002] [SEVERE ] updating countdown to 50268
[01:52:13.516] [SEVERE ] updating countdown to 49756
[01:52:14.031] [SEVERE ] updating countdown to 49242
[01:52:14.544] [SEVERE ] updating countdown to 48727
[01:52:15.057] [SEVERE ] updating countdown to 48214
[01:52:15.571] [SEVERE ] updating countdown to 47701
[01:52:15.883] [SEVERE ] key 81 was pressed by player 1
[01:52:15.884] [SEVERE ] player 1 placing token on slot 0
[01:52:16.081] [SEVERE ] updating countdown to 47187
[01:52:16.594] [SEVERE ] updating countdown to 46677
[01:52:17.109] [SEVERE ] updating countdown to 46164
[01:52:17.267] [SEVERE ] key 70 was pressed by player 1
[01:52:17.267] [SEVERE ] player 1 placing token on slot 7
[01:52:17.620] [SEVERE ] updating countdown to 45649
[01:52:17.771] [SEVERE ] key 67 was pressed by player 1
[01:52:17.771] [SEVERE ] player 1 placing token on slot 10
[01:52:17.771] [INFO   ] Thread dealer interrupted while wait for setCall
[01:52:17.837] [SEVERE ] removing tokens from slot 0
[01:52:17.837] [SEVERE ] removing card from slot 0
[01:52:17.899] [SEVERE ] removing tokens from slot 7
[01:52:17.899] [SEVERE ] removing card from slot 7
[01:52:17.961] [SEVERE ] removing tokens from slot 10
[01:52:17.961] [SEVERE ] removing card from slot 10
[01:52:17.961] [SEVERE ] setting player 1 score to 5
[01:52:17.963] [INFO   ] Thread dealer notified 0 with the answer POINT
[01:52:17.963] [SEVERE ] setting player 1 freeze to 0
[01:52:17.963] [SEVERE ] setting player 1 freeze to 0
[01:52:18.024] [SEVERE ] placing card 49 in slot 0
[01:52:18.087] [SEVERE ] placing card 39 in slot 7
[01:52:18.149] [SEVERE ] placing card 6 in slot 10
[01:52:18.149] [SEVERE ] updating countdown to 60000
[01:52:18.665] [SEVERE ] updating countdown to 60000
[01:52:19.180] [SEVERE ] updating countdown to 59486
[01:52:19.686] [SEVERE ] updating countdown to 58971
[01:52:20.189] [SEVERE ] updating countdown to 58465
[01:52:20.694] [SEVERE ] updating countdown to 57962
[01:52:21.206] [SEVERE ] updating countdown to 57457
[01:52:21.708] [SEVERE ] updating countdown to 56945
[01:52:22.223] [SEVERE ] updating countdown to 56443
[01:52:22.564] [SEVERE ] key 83 was pressed by player 1
[01:52:22.564] [SEVERE ] player 1 placing token on slot 5
[01:52:22.627] [SEVERE ] key 68 was pressed by player 1
[01:52:22.627] [SEVERE ] player 1 placing token on slot 6
[01:52:22.725] [SEVERE ] updating countdown to 55928
[01:52:23.019] [SEVERE ] key 67 was pressed by player 1
[01:52:23.019] [SEVERE ] player 1 placing token on slot 10
[01:52:23.019] [INFO   ] Thread dealer interrupted while wait for setCall
[01:52:23.019] [INFO   ] Thread dealer notified 0 with the answer PENALTY
[01:52:23.019] [SEVERE ] setting player 1 freeze to 0
[01:52:23.020] [SEVERE ] setting player 1 freeze to 0
[01:52:23.529] [SEVERE ] updating countdown to 55426
[01:52:24.042] [SEVERE ] updating countdown to 54622
[01:52:24.330] [SEVERE ] key 67 was pressed by player 1
[01:52:24.330] [SEVERE ] removing player 1 token from slot 10
[01:52:24.553] [SEVERE ] updating countdown to 54109
[01:52:25.055] [SEVERE ] updating countdown to 53598
[01:52:25.569] [SEVERE ] updating countdown to 53096
[01:52:25.619] [SEVERE ] key 86 was pressed by player 1
[01:52:25.619] [SEVERE ] player 1 placing token on slot 11
[01:52:25.619] [INFO   ] Thread dealer interrupted while wait for setCall
[01:52:25.679] [SEVERE ] removing tokens from slot 5
[01:52:25.679] [SEVERE ] removing card from slot 5
[01:52:25.741] [SEVERE ] removing tokens from slot 6
[01:52:25.741] [SEVERE ] removing card from slot 6
[01:52:25.804] [SEVERE ] removing tokens from slot 11
[01:52:25.804] [SEVERE ] removing card from slot 11
[01:52:25.805] [SEVERE ] setting player 1 score to 6
[01:52:25.805] [INFO   ] Thread dealer notified 0 with the answer POINT
[01:52:25.805] [SEVERE ] setting player 1 freeze to 0
[01:52:25.805] [SEVERE ] setting player 1 freeze to 0
[01:52:25.866] [SEVERE ] placing card 14 in slot 5
[01:52:25.929] [SEVERE ] placing card 11 in slot 6
[01:52:25.992] [SEVERE ] placing card 68 in slot 11
[01:52:25.993] [SEVERE ] updating countdown to 60000
[01:52:26.507] [SEVERE ] updating countdown to 60000
[01:52:27.021] [SEVERE ] updating countdown to 59486
[01:52:27.536] [SEVERE ] updating countdown to 58972
[01:52:28.050] [SEVERE ] updating countdown to 58457
[01:52:28.564] [SEVERE ] updating countdown to 57943
[01:52:29.077] [SEVERE ] updating countdown to 57429
[01:52:29.579] [SEVERE ] updating countdown to 56916
[01:52:29.635] [SEVERE ] key 81 was pressed by player 1
[01:52:29.636] [SEVERE ] player 1 placing token on slot 0
[01:52:30.080] [SEVERE ] updating countdown to 56414
[01:52:30.354] [SEVERE ] key 69 was pressed by player 1
[01:52:30.355] [SEVERE ] player 1 placing token on slot 2
[01:52:30.581] [SEVERE ] updating countdown to 55913
[01:52:31.092] [SEVERE ] updating countdown to 55413
[01:52:31.608] [SEVERE ] updating countdown to 54901
[01:52:31.956] [SEVERE ] key 83 was pressed by player 1
[01:52:31.956] [SEVERE ] player 1 placing token on slot 5
[01:52:31.956] [INFO   ] Thread dealer interrupted while wait for setCall
[01:52:32.011] [SEVERE ] removing tokens from slot 0
[01:52:32.011] [SEVERE ] removing card from slot 0
[01:52:32.073] [SEVERE ] removing tokens from slot 2
[01:52:32.073] [SEVERE ] removing card from slot 2
[01:52:32.135] [SEVERE ] removing tokens from slot 5
[01:52:32.135] [SEVERE ] removing card from slot 5
[01:52:32.135] [SEVERE ] setting player 1 score to 7
[01:52:32.136] [INFO   ] Thread dealer notified 0 with the answer POINT
[01:52:32.136] [SEVERE ] setting player 1 freeze to 0
[01:52:32.136] [SEVERE ] setting player 1 freeze to 0
[01:52:32.197] [SEVERE ] placing card 3 in slot 0
[01:52:32.260] [SEVERE ] placing card 8 in slot 2
[01:52:32.323] [SEVERE ] placing card 16 in slot 5
[01:52:32.324] [SEVERE ] updating countdown to 60000
[01:52:32.837] [SEVERE ] updating countdown to 60000
[01:52:33.352] [SEVERE ] updating countdown to 59487
[01:52:33.865] [SEVERE ] updating countdown to 58972
[01:52:34.378] [SEVERE ] updating countdown to 58459
[01:52:34.880] [SEVERE ] updating countdown to 57946
[01:52:35.395] [SEVERE ] updating countdown to 57444
[01:52:35.908] [SEVERE ] updating countdown to 56929
[01:52:36.058] [SEVERE ] key 87 was pressed by player 1
[01:52:36.059] [SEVERE ] player 1 placing token on slot 1
[01:52:36.409] [SEVERE ] updating countdown to 56416
[01:52:36.595] [SEVERE ] key 69 was pressed by player 1
[01:52:36.595] [SEVERE ] player 1 placing token on slot 2
[01:52:36.911] [SEVERE ] updating countdown to 55915
[01:52:37.415] [SEVERE ] updating countdown to 55413
[01:52:37.676] [SEVERE ] key 88 was pressed by player 1
[01:52:37.676] [SEVERE ] player 1 placing token on slot 9
[01:52:37.677] [INFO   ] Thread dealer interrupted while wait for setCall
[01:52:37.677] [INFO   ] Thread dealer notified 0 with the answer PENALTY
[01:52:37.677] [SEVERE ] setting player 1 freeze to 0
[01:52:37.677] [SEVERE ] setting player 1 freeze to 0
[01:52:38.177] [SEVERE ] updating countdown to 54909
[01:52:38.688] [SEVERE ] updating countdown to 54147
[01:52:38.731] [SEVERE ] key 88 was pressed by player 1
[01:52:38.731] [SEVERE ] removing player 1 token from slot 9
[01:52:39.004] [SEVERE ] key 67 was pressed by player 1
[01:52:39.004] [SEVERE ] player 1 placing token on slot 10
[01:52:39.004] [INFO   ] Thread dealer interrupted while wait for setCall
[01:52:39.060] [SEVERE ] removing tokens from slot 1
[01:52:39.060] [SEVERE ] removing card from slot 1
[01:52:39.123] [SEVERE ] removing tokens from slot 2
[01:52:39.123] [SEVERE ] removing card from slot 2
[01:52:39.186] [SEVERE ] removing tokens from slot 10
[01:52:39.186] [SEVERE ] removing card from slot 10
[01:52:39.186] [SEVERE ] setting player 1 score to 8
[01:52:39.186] [INFO   ] Thread dealer notified 0 with the answer POINT
[01:52:39.186] [SEVERE ] setting player 1 freeze to 0
[01:52:39.186] [SEVERE ] setting player 1 freeze to 0
[01:52:39.248] [SEVERE ] placing card 20 in slot 1
[01:52:39.311] [SEVERE ] placing card 63 in slot 2
[01:52:39.375] [SEVERE ] placing card 25 in slot 10
[01:52:39.375] [SEVERE ] updating countdown to 60000
[01:52:39.891] [SEVERE ] updating countdown to 60000
[01:52:40.404] [SEVERE ] updating countdown to 59485
[01:52:40.918] [SEVERE ] updating countdown to 58972
[01:52:41.419] [SEVERE ] updating countdown to 58458
[01:52:41.932] [SEVERE ] updating countdown to 57957
[01:52:42.445] [SEVERE ] updating countdown to 57444
[01:52:42.651] [SEVERE ] key 81 was pressed by player 1
[01:52:42.651] [SEVERE ] player 1 placing token on slot 0
[01:52:42.724] [SEVERE ] key 87 was pressed by player 1
[01:52:42.724] [SEVERE ] player 1 placing token on slot 1
[01:52:42.958] [SEVERE ] updating countdown to 56931
[01:52:43.251] [SEVERE ] key 83 was pressed by player 1
[01:52:43.251] [SEVERE ] player 1 placing token on slot 5
[01:52:43.251] [INFO   ] Thread dealer interrupted while wait for setCall
[01:52:43.302] [SEVERE ] removing tokens from slot 0
[01:52:43.302] [SEVERE ] removing card from slot 0
[01:52:43.365] [SEVERE ] removing tokens from slot 1
[01:52:43.365] [SEVERE ] removing card from slot 1
[01:52:43.427] [SEVERE ] removing tokens from slot 5
[01:52:43.427] [SEVERE ] removing card from slot 5
[01:52:43.428] [SEVERE ] setting player 1 score to 9
[01:52:43.428] [INFO   ] Thread dealer notified 0 with the answer POINT
[01:52:43.428] [SEVERE ] setting player 1 freeze to 0
[01:52:43.428] [SEVERE ] setting player 1 freeze to 0
[01:52:43.488] [SEVERE ] placing card 47 in slot 0
[01:52:43.551] [SEVERE ] placing card 31 in slot 1
[01:52:43.613] [SEVERE ] placing card 75 in slot 5
[01:52:43.615] [SEVERE ] updating countdown to 60000
[01:52:44.130] [SEVERE ] updating countdown to 60000
[01:52:44.644] [SEVERE ] updating countdown to 59485
[01:52:45.146] [SEVERE ] updating countdown to 58971
[01:52:45.659] [SEVERE ] updating countdown to 58469
[01:52:46.171] [SEVERE ] updating countdown to 57956
[01:52:46.685] [SEVERE ] updating countdown to 57444
[01:52:47.200] [SEVERE ] updating countdown to 56930
[01:52:47.713] [SEVERE ] updating countdown to 56415
[01:52:48.226] [SEVERE ] updating countdown to 55902
[01:52:48.738] [SEVERE ] updating countdown to 55389
[01:52:49.252] [SEVERE ] updating countdown to 54877
[01:52:49.766] [SEVERE ] updating countdown to 54363
[01:52:50.281] [SEVERE ] updating countdown to 53849
[01:52:50.783] [SEVERE ] updating countdown to 53334
[01:52:51.293] [SEVERE ] updating countdown to 52832
[01:52:51.805] [SEVERE ] updating countdown to 52322
[01:52:52.306] [SEVERE ] updating countdown to 51810
[01:52:52.818] [SEVERE ] updating countdown to 51309
[01:52:53.330] [SEVERE ] updating countdown to 50797
[01:52:53.842] [SEVERE ] updating countdown to 50285
[01:52:54.354] [SEVERE ] updating countdown to 49773
[01:52:54.868] [SEVERE ] updating countdown to 49261
[01:52:55.380] [SEVERE ] updating countdown to 48747
[01:52:55.892] [SEVERE ] updating countdown to 48235
[01:52:56.060] [SEVERE ] key 68 was pressed by player 1
[01:52:56.060] [SEVERE ] player 1 placing token on slot 6
[01:52:56.405] [SEVERE ] updating countdown to 47723
[01:52:56.916] [SEVERE ] updating countdown to 47210
[01:52:57.426] [SEVERE ] updating countdown to 46699
[01:52:57.927] [SEVERE ] updating countdown to 46189
[01:52:58.441] [SEVERE ] updating countdown to 45688
[01:52:58.954] [SEVERE ] updating countdown to 45174
[01:52:59.075] [SEVERE ] key 88 was pressed by player 1
[01:52:59.075] [SEVERE ] player 1 placing token on slot 9
[01:52:59.372] [SEVERE ] key 86 was pressed by player 1
[01:52:59.372] [SEVERE ] player 1 placing token on slot 11
[01:52:59.373] [INFO   ] Thread dealer interrupted while wait for setCall
[01:52:59.436] [SEVERE ] removing tokens from slot 6
[01:52:59.436] [SEVERE ] removing card from slot 6
[01:52:59.498] [SEVERE ] removing tokens from slot 9
[01:52:59.498] [SEVERE ] removing card from slot 9
[01:52:59.561] [SEVERE ] removing tokens from slot 11
[01:52:59.561] [SEVERE ] removing card from slot 11
[01:52:59.562] [SEVERE ] setting player 1 score to 10
[01:52:59.562] [INFO   ] Thread dealer notified 0 with the answer POINT
[01:52:59.562] [SEVERE ] setting player 1 freeze to 0
[01:52:59.562] [SEVERE ] setting player 1 freeze to 0
[01:52:59.624] [SEVERE ] placing card 37 in slot 6
[01:52:59.687] [SEVERE ] placing card 4 in slot 9
[01:52:59.751] [SEVERE ] placing card 29 in slot 11
[01:52:59.751] [SEVERE ] updating countdown to 60000
[01:53:00.265] [SEVERE ] updating countdown to 60000
[01:53:00.777] [SEVERE ] updating countdown to 59487
[01:53:01.291] [SEVERE ] updating countdown to 58975
[01:53:01.804] [SEVERE ] updating countdown to 58461
[01:53:02.317] [SEVERE ] updating countdown to 57948
[01:53:02.831] [SEVERE ] updating countdown to 57435
[01:53:03.344] [SEVERE ] updating countdown to 56921
[01:53:03.856] [SEVERE ] updating countdown to 56408
[01:53:04.370] [SEVERE ] updating countdown to 55896
[01:53:04.716] [SEVERE ] key 87 was pressed by player 1
[01:53:04.716] [SEVERE ] player 1 placing token on slot 1
[01:53:04.796] [SEVERE ] key 82 was pressed by player 1
[01:53:04.796] [SEVERE ] player 1 placing token on slot 3
[01:53:04.882] [SEVERE ] updating countdown to 55382
[01:53:05.394] [SEVERE ] updating countdown to 54870
[01:53:05.599] [SEVERE ] key 88 was pressed by player 1
[01:53:05.599] [SEVERE ] player 1 placing token on slot 9
[01:53:05.599] [INFO   ] Thread dealer interrupted while wait for setCall
[01:53:05.658] [SEVERE ] removing tokens from slot 1
[01:53:05.658] [SEVERE ] removing card from slot 1
[01:53:05.721] [SEVERE ] removing tokens from slot 3
[01:53:05.721] [SEVERE ] removing card from slot 3
[01:53:05.783] [SEVERE ] removing tokens from slot 9
[01:53:05.783] [SEVERE ] removing card from slot 9
[01:53:05.784] [SEVERE ] setting player 1 score to 11
[01:53:05.784] [INFO   ] Thread dealer notified 0 with the answer POINT
[01:53:05.784] [SEVERE ] setting player 1 freeze to 0
[01:53:05.784] [SEVERE ] setting player 1 freeze to 0
[01:53:05.845] [SEVERE ] placing card 12 in slot 1
[01:53:05.908] [SEVERE ] placing card 59 in slot 3
[01:53:05.970] [SEVERE ] placing card 41 in slot 9
[01:53:05.971] [SEVERE ] updating countdown to 60000
[01:53:06.485] [SEVERE ] updating countdown to 60000
[01:53:06.996] [SEVERE ] updating countdown to 59486
[01:53:07.508] [SEVERE ] updating countdown to 58975
[01:53:08.021] [SEVERE ] updating countdown to 58463
[01:53:08.536] [SEVERE ] updating countdown to 57950
[01:53:08.611] [SEVERE ] key 81 was pressed by player 1
[01:53:08.612] [SEVERE ] player 1 placing token on slot 0
[01:53:09.049] [SEVERE ] updating countdown to 57435
[01:53:09.172] [SEVERE ] key 83 was pressed by player 1
[01:53:09.172] [SEVERE ] player 1 placing token on slot 5
[01:53:09.524] [SEVERE ] key 67 was pressed by player 1
[01:53:09.524] [SEVERE ] player 1 placing token on slot 10
[01:53:09.524] [INFO   ] Thread dealer interrupted while wait for setCall
[01:53:09.579] [SEVERE ] removing tokens from slot 0
[01:53:09.579] [SEVERE ] removing card from slot 0
[01:53:09.642] [SEVERE ] removing tokens from slot 5
[01:53:09.642] [SEVERE ] removing card from slot 5
[01:53:09.704] [SEVERE ] removing tokens from slot 10
[01:53:09.704] [SEVERE ] removing card from slot 10
[01:53:09.704] [SEVERE ] setting player 1 score to 12
[01:53:09.706] [INFO   ] Thread dealer notified 0 with the answer POINT
[01:53:09.706] [SEVERE ] setting player 1 freeze to 0
[01:53:09.706] [SEVERE ] setting player 1 freeze to 0
[01:53:09.767] [SEVERE ] placing card 56 in slot 0
[01:53:09.829] [SEVERE ] placing card 69 in slot 5
[01:53:09.893] [SEVERE ] placing card 10 in slot 10
[01:53:09.893] [SEVERE ] updating countdown to 60000
[01:53:10.406] [SEVERE ] updating countdown to 60000
[01:53:10.918] [SEVERE ] updating countdown to 59488
[01:53:11.421] [SEVERE ] updating countdown to 58976
[01:53:11.932] [SEVERE ] updating countdown to 58473
[01:53:12.442] [SEVERE ] updating countdown to 57962
[01:53:12.955] [SEVERE ] updating countdown to 57452
[01:53:13.469] [SEVERE ] updating countdown to 56939
[01:53:13.980] [SEVERE ] updating countdown to 56425
[01:53:14.494] [SEVERE ] updating countdown to 55914
[01:53:14.603] [SEVERE ] key 67 was pressed by player 1
[01:53:14.603] [SEVERE ] player 1 placing token on slot 10
[01:53:14.708] [SEVERE ] key 88 was pressed by player 1
[01:53:14.708] [SEVERE ] player 1 placing token on slot 9
[01:53:15.009] [SEVERE ] updating countdown to 55400
[01:53:15.520] [SEVERE ] updating countdown to 54885
[01:53:16.034] [SEVERE ] updating countdown to 54374
[01:53:16.285] [SEVERE ] key 83 was pressed by player 1
[01:53:16.285] [SEVERE ] player 1 placing token on slot 5
[01:53:16.286] [INFO   ] Thread dealer interrupted while wait for setCall
[01:53:16.344] [SEVERE ] removing tokens from slot 10
[01:53:16.344] [SEVERE ] removing card from slot 10
[01:53:16.406] [SEVERE ] removing tokens from slot 9
[01:53:16.406] [SEVERE ] removing card from slot 9
[01:53:16.467] [SEVERE ] removing tokens from slot 5
[01:53:16.467] [SEVERE ] removing card from slot 5
[01:53:16.468] [SEVERE ] setting player 1 score to 13
[01:53:16.469] [INFO   ] Thread dealer notified 0 with the answer POINT
[01:53:16.469] [SEVERE ] setting player 1 freeze to 0
[01:53:16.469] [SEVERE ] setting player 1 freeze to 0
[01:53:16.531] [SEVERE ] placing card 60 in slot 5
[01:53:16.593] [SEVERE ] placing card 73 in slot 9
[01:53:16.655] [SEVERE ] placing card 30 in slot 10
[01:53:16.655] [SEVERE ] updating countdown to 60000
[01:53:17.167] [SEVERE ] updating countdown to 60000
[01:53:17.682] [SEVERE ] updating countdown to 59488
[01:53:18.196] [SEVERE ] updating countdown to 58973
[01:53:18.709] [SEVERE ] updating countdown to 58459
[01:53:19.228] [SEVERE ] updating countdown to 57946
[01:53:19.731] [SEVERE ] updating countdown to 57427
[01:53:20.233] [SEVERE ] updating countdown to 56924
[01:53:20.403] [SEVERE ] key 81 was pressed by player 1
[01:53:20.403] [SEVERE ] player 1 placing token on slot 0
[01:53:20.508] [SEVERE ] key 69 was pressed by player 1
[01:53:20.508] [SEVERE ] player 1 placing token on slot 2
[01:53:20.749] [SEVERE ] updating countdown to 56422
[01:53:21.253] [SEVERE ] updating countdown to 55906
[01:53:21.259] [SEVERE ] key 67 was pressed by player 1
[01:53:21.260] [SEVERE ] player 1 placing token on slot 10
[01:53:21.260] [INFO   ] Thread dealer interrupted while wait for setCall
[01:53:21.260] [INFO   ] Thread dealer notified 0 with the answer PENALTY
[01:53:21.260] [SEVERE ] setting player 1 freeze to 0
[01:53:21.260] [SEVERE ] setting player 1 freeze to 0
[01:53:21.769] [SEVERE ] updating countdown to 55402
[01:53:21.923] [SEVERE ] key 67 was pressed by player 1
[01:53:21.924] [SEVERE ] removing player 1 token from slot 10
[01:53:22.139] [SEVERE ] key 88 was pressed by player 1
[01:53:22.139] [SEVERE ] player 1 placing token on slot 9
[01:53:22.139] [INFO   ] Thread dealer interrupted while wait for setCall
[01:53:22.194] [SEVERE ] removing tokens from slot 0
[01:53:22.194] [SEVERE ] removing card from slot 0
[01:53:22.257] [SEVERE ] removing tokens from slot 2
[01:53:22.257] [SEVERE ] removing card from slot 2
[01:53:22.319] [SEVERE ] removing tokens from slot 9
[01:53:22.319] [SEVERE ] removing card from slot 9
[01:53:22.320] [SEVERE ] setting player 1 score to 14
[01:53:22.320] [INFO   ] Thread dealer notified 0 with the answer POINT
[01:53:22.320] [SEVERE ] setting player 1 freeze to 0
[01:53:22.320] [SEVERE ] setting player 1 freeze to 0
[01:53:22.381] [SEVERE ] placing card 1 in slot 0
[01:53:22.444] [SEVERE ] placing card 5 in slot 2
[01:53:22.507] [SEVERE ] placing card 13 in slot 9
[01:53:22.507] [SEVERE ] updating countdown to 60000
[01:53:23.020] [SEVERE ] updating countdown to 60000
[01:53:23.535] [SEVERE ] updating countdown to 59488
[01:53:24.050] [SEVERE ] updating countdown to 58973
[01:53:24.563] [SEVERE ] updating countdown to 58458
[01:53:25.077] [SEVERE ] updating countdown to 57945
[01:53:25.592] [SEVERE ] updating countdown to 57431
[01:53:26.106] [SEVERE ] updating countdown to 56916
[01:53:26.292] [SEVERE ] key 81 was pressed by player 1
[01:53:26.292] [SEVERE ] player 1 placing token on slot 0
[01:53:26.412] [SEVERE ] key 69 was pressed by player 1
[01:53:26.412] [SEVERE ] player 1 placing token on slot 2
[01:53:26.621] [SEVERE ] updating countdown to 56402
[01:53:26.980] [SEVERE ] key 88 was pressed by player 1
[01:53:26.980] [SEVERE ] player 1 placing token on slot 9
[01:53:26.981] [INFO   ] Thread dealer interrupted while wait for setCall
[01:53:26.981] [INFO   ] Thread dealer notified 0 with the answer PENALTY
[01:53:26.981] [SEVERE ] setting player 1 freeze to 0
[01:53:26.981] [SEVERE ] setting player 1 freeze to 0
[01:53:27.495] [SEVERE ] updating countdown to 55887
[01:53:28.009] [SEVERE ] updating countdown to 55013
[01:53:28.196] [SEVERE ] key 88 was pressed by player 1
[01:53:28.196] [SEVERE ] removing player 1 token from slot 9
[01:53:28.348] [SEVERE ] key 67 was pressed by player 1
[01:53:28.348] [SEVERE ] player 1 placing token on slot 10
[01:53:28.349] [INFO   ] Thread dealer interrupted while wait for setCall
[01:53:28.349] [INFO   ] Thread dealer notified 0 with the answer PENALTY
[01:53:28.349] [SEVERE ] setting player 1 freeze to 0
[01:53:28.349] [SEVERE ] setting player 1 freeze to 0
[01:53:28.853] [SEVERE ] updating countdown to 54499
[01:53:29.366] [SEVERE ] updating countdown to 53655
[01:53:29.880] [SEVERE ] updating countdown to 53142
[01:53:30.393] [SEVERE ] updating countdown to 52628
[01:53:30.908] [SEVERE ] updating countdown to 52115
[01:53:31.421] [SEVERE ] updating countdown to 51600
[01:53:31.922] [SEVERE ] updating countdown to 51087
[01:53:32.434] [SEVERE ] updating countdown to 50586
[01:53:32.950] [SEVERE ] updating countdown to 50074
[01:53:33.464] [SEVERE ] updating countdown to 49558
[01:53:33.978] [SEVERE ] updating countdown to 49044
[01:53:34.492] [SEVERE ] updating countdown to 48530
[01:53:35.007] [SEVERE ] updating countdown to 48016
[01:53:35.522] [SEVERE ] updating countdown to 47501
[01:53:36.024] [SEVERE ] updating countdown to 46986
[01:53:36.155] [SEVERE ] key 67 was pressed by player 1
[01:53:36.156] [SEVERE ] removing player 1 token from slot 10
[01:53:36.535] [SEVERE ] updating countdown to 46484
[01:53:37.037] [SEVERE ] updating countdown to 45973
[01:53:37.548] [SEVERE ] updating countdown to 45471
[01:53:38.049] [SEVERE ] updating countdown to 44960
[01:53:38.563] [SEVERE ] updating countdown to 44459
[01:53:39.076] [SEVERE ] updating countdown to 43945
[01:53:39.485] [SEVERE ] key 88 was pressed by player 1
[01:53:39.485] [SEVERE ] player 1 placing token on slot 9
[01:53:39.485] [INFO   ] Thread dealer interrupted while wait for setCall
[01:53:39.485] [INFO   ] Thread dealer notified 0 with the answer PENALTY
[01:53:39.485] [SEVERE ] setting player 1 freeze to 0
[01:53:39.486] [SEVERE ] setting player 1 freeze to 0
[01:53:39.998] [SEVERE ] updating countdown to 43432
[01:53:40.125] [SEVERE ] key 88 was pressed by player 1
[01:53:40.125] [SEVERE ] removing player 1 token from slot 9
[01:53:40.499] [SEVERE ] updating countdown to 42510
[01:53:41.013] [SEVERE ] updating countdown to 42009
[01:53:41.527] [SEVERE ] updating countdown to 41495
[01:53:42.042] [SEVERE ] updating countdown to 40981
[01:53:42.543] [SEVERE ] updating countdown to 40466
[01:53:42.643] [SEVERE ] key 90 was pressed by player 1
[01:53:42.644] [SEVERE ] player 1 placing token on slot 8
[01:53:42.644] [INFO   ] Thread dealer interrupted while wait for setCall
[01:53:42.644] [INFO   ] Thread dealer notified 0 with the answer PENALTY
[01:53:42.644] [SEVERE ] setting player 1 freeze to 0
[01:53:42.644] [SEVERE ] setting player 1 freeze to 0
[01:53:43.153] [SEVERE ] updating countdown to 39965
[01:53:43.476] [SEVERE ] key 90 was pressed by player 1
[01:53:43.477] [SEVERE ] removing player 1 token from slot 8
[01:53:43.667] [SEVERE ] updating countdown to 39355
[01:53:44.181] [SEVERE ] updating countdown to 38841
[01:53:44.694] [SEVERE ] updating countdown to 38327
[01:53:45.196] [SEVERE ] updating countdown to 37814
[01:53:45.708] [SEVERE ] updating countdown to 37312
[01:53:46.224] [SEVERE ] updating countdown to 36800
[01:53:46.739] [SEVERE ] updating countdown to 36284
[01:53:47.253] [SEVERE ] updating countdown to 35769
[01:53:47.768] [SEVERE ] updating countdown to 35255
[01:53:48.282] [SEVERE ] updating countdown to 34740
[01:53:48.795] [SEVERE ] updating countdown to 34226
[01:53:49.310] [SEVERE ] updating countdown to 33713
[01:53:49.826] [SEVERE ] updating countdown to 33198
[01:53:50.340] [SEVERE ] updating countdown to 32682
[01:53:50.387] [SEVERE ] key 81 was pressed by player 1
[01:53:50.387] [SEVERE ] removing player 1 token from slot 0
[01:53:50.484] [SEVERE ] key 69 was pressed by player 1
[01:53:50.484] [SEVERE ] removing player 1 token from slot 2
[01:53:50.852] [SEVERE ] updating countdown to 32168
[01:53:51.367] [SEVERE ] updating countdown to 31656
[01:53:51.881] [SEVERE ] updating countdown to 31141
[01:53:52.393] [SEVERE ] updating countdown to 30627
[01:53:52.908] [SEVERE ] updating countdown to 30115
[01:53:53.421] [SEVERE ] updating countdown to 29600
[01:53:53.933] [SEVERE ] updating countdown to 29087
[01:53:54.443] [SEVERE ] updating countdown to 28575
[01:53:54.958] [SEVERE ] updating countdown to 28065
[01:53:55.474] [SEVERE ] updating countdown to 27550
[01:53:55.988] [SEVERE ] updating countdown to 27034
[01:53:56.500] [SEVERE ] updating countdown to 26520
[01:53:57.014] [SEVERE ] updating countdown to 26008
[01:53:57.529] [SEVERE ] updating countdown to 25494
[01:53:58.041] [SEVERE ] updating countdown to 24979
[01:53:58.552] [SEVERE ] updating countdown to 24467
[01:53:59.066] [SEVERE ] updating countdown to 23956
[01:53:59.580] [SEVERE ] updating countdown to 23442
[01:54:00.081] [SEVERE ] updating countdown to 22928
[01:54:00.594] [SEVERE ] updating countdown to 22427
[01:54:01.096] [SEVERE ] updating countdown to 21914
[01:54:01.260] [SEVERE ] key 83 was pressed by player 1
[01:54:01.260] [SEVERE ] player 1 placing token on slot 5
[01:54:01.348] [SEVERE ] key 68 was pressed by player 1
[01:54:01.348] [SEVERE ] player 1 placing token on slot 6
[01:54:01.608] [SEVERE ] updating countdown to 21412
[01:54:01.643] [SEVERE ] key 88 was pressed by player 1
[01:54:01.644] [SEVERE ] player 1 placing token on slot 9
[01:54:01.644] [INFO   ] Thread dealer interrupted while wait for setCall
[01:54:01.644] [INFO   ] Thread dealer notified 0 with the answer PENALTY
[01:54:01.644] [SEVERE ] setting player 1 freeze to 0
[01:54:01.644] [SEVERE ] setting player 1 freeze to 0
[01:54:02.020] [SEVERE ] key 88 was pressed by player 1
[01:54:02.020] [SEVERE ] removing player 1 token from slot 9
[01:54:02.152] [SEVERE ] updating countdown to 20900
[01:54:02.212] [SEVERE ] key 90 was pressed by player 1
[01:54:02.212] [SEVERE ] player 1 placing token on slot 8
[01:54:02.213] [INFO   ] Thread dealer interrupted while wait for setCall
[01:54:02.276] [SEVERE ] removing tokens from slot 5
[01:54:02.276] [SEVERE ] removing card from slot 5
[01:54:02.338] [SEVERE ] removing tokens from slot 6
[01:54:02.338] [SEVERE ] removing card from slot 6
[01:54:02.400] [SEVERE ] removing tokens from slot 8
[01:54:02.400] [SEVERE ] removing card from slot 8
[01:54:02.401] [SEVERE ] setting player 1 score to 15
[01:54:02.401] [INFO   ] Thread dealer notified 0 with the answer POINT
[01:54:02.401] [SEVERE ] setting player 1 freeze to 0
[01:54:02.401] [SEVERE ] setting player 1 freeze to 0
[01:54:02.463] [SEVERE ] placing card 35 in slot 5
[01:54:02.526] [SEVERE ] placing card 52 in slot 6
[01:54:02.588] [SEVERE ] placing card 28 in slot 8
[01:54:02.588] [SEVERE ] updating countdown to 60000
[01:54:03.104] [SEVERE ] updating countdown to 60000
[01:54:03.616] [SEVERE ] updating countdown to 59485
[01:54:04.129] [SEVERE ] updating countdown to 58973
[01:54:04.641] [SEVERE ] updating countdown to 58460
[01:54:05.154] [SEVERE ] updating countdown to 57948
[01:54:05.668] [SEVERE ] updating countdown to 57435
[01:54:06.178] [SEVERE ] updating countdown to 56921
[01:54:06.693] [SEVERE ] updating countdown to 56411
[01:54:07.205] [SEVERE ] updating countdown to 55896
[01:54:07.717] [SEVERE ] updating countdown to 55384
[01:54:08.228] [SEVERE ] updating countdown to 54872
[01:54:08.740] [SEVERE ] updating countdown to 54361
[01:54:09.253] [SEVERE ] updating countdown to 53849
[01:54:09.767] [SEVERE ] updating countdown to 53336
[01:54:10.280] [SEVERE ] updating countdown to 52822
[01:54:10.724] [SEVERE ] key 65 was pressed by player 1
[01:54:10.724] [SEVERE ] player 1 placing token on slot 4
[01:54:10.793] [SEVERE ] updating countdown to 52309
[01:54:10.812] [SEVERE ] key 83 was pressed by player 1
[01:54:10.812] [SEVERE ] player 1 placing token on slot 5
[01:54:11.306] [SEVERE ] updating countdown to 51796
[01:54:11.819] [SEVERE ] updating countdown to 51283
[01:54:12.332] [SEVERE ] updating countdown to 50770
[01:54:12.646] [SEVERE ] key 70 was pressed by player 1
[01:54:12.646] [SEVERE ] player 1 placing token on slot 7
[01:54:12.647] [INFO   ] Thread dealer interrupted while wait for setCall
[01:54:12.706] [SEVERE ] removing tokens from slot 4
[01:54:12.706] [SEVERE ] removing card from slot 4
[01:54:12.768] [SEVERE ] removing tokens from slot 5
[01:54:12.768] [SEVERE ] removing card from slot 5
[01:54:12.831] [SEVERE ] removing tokens from slot 7
[01:54:12.831] [SEVERE ] removing card from slot 7
[01:54:12.831] [SEVERE ] setting player 1 score to 16
[01:54:12.831] [INFO   ] Thread dealer notified 0 with the answer POINT
[01:54:12.831] [SEVERE ] setting player 1 freeze to 0
[01:54:12.831] [SEVERE ] setting player 1 freeze to 0
[01:54:12.892] [SEVERE ] placing card 54 in slot 4
[01:54:12.954] [SEVERE ] placing card 0 in slot 5
[01:54:13.017] [SEVERE ] placing card 17 in slot 7
[01:54:13.017] [SEVERE ] updating countdown to 60000
[01:54:13.530] [SEVERE ] updating countdown to 60000
[01:54:14.042] [SEVERE ] updating countdown to 59489
[01:54:14.556] [SEVERE ] updating countdown to 58977
[01:54:15.068] [SEVERE ] updating countdown to 58463
[01:54:15.155] [SEVERE ] key 81 was pressed by player 1
[01:54:15.157] [SEVERE ] player 1 placing token on slot 0
[01:54:15.516] [SEVERE ] key 65 was pressed by player 1
[01:54:15.516] [SEVERE ] player 1 placing token on slot 4
[01:54:15.579] [SEVERE ] updating countdown to 57951
[01:54:16.094] [SEVERE ] updating countdown to 57440
[01:54:16.180] [SEVERE ] key 86 was pressed by player 1
[01:54:16.180] [SEVERE ] player 1 placing token on slot 11
[01:54:16.181] [INFO   ] Thread dealer interrupted while wait for setCall
[01:54:16.234] [SEVERE ] removing tokens from slot 0
[01:54:16.234] [SEVERE ] removing card from slot 0
[01:54:16.297] [SEVERE ] removing tokens from slot 4
[01:54:16.297] [SEVERE ] removing card from slot 4
[01:54:16.358] [SEVERE ] removing tokens from slot 11
[01:54:16.358] [SEVERE ] removing card from slot 11
[01:54:16.361] [SEVERE ] setting player 1 score to 17
[01:54:16.361] [INFO   ] Thread dealer notified 0 with the answer POINT
[01:54:16.361] [SEVERE ] setting player 1 freeze to 0
[01:54:16.361] [SEVERE ] setting player 1 freeze to 0
[01:54:16.420] [SEVERE ] placing card 24 in slot 0
[01:54:16.484] [SEVERE ] placing card 67 in slot 4
[01:54:16.546] [SEVERE ] placing card 36 in slot 11
[01:54:16.546] [SEVERE ] updating countdown to 60000
[01:54:17.062] [SEVERE ] updating countdown to 60000
[01:54:17.574] [SEVERE ] updating countdown to 59485
[01:54:18.086] [SEVERE ] updating countdown to 58973
[01:54:18.599] [SEVERE ] updating countdown to 58461
[01:54:19.112] [SEVERE ] updating countdown to 57948
[01:54:19.615] [SEVERE ] updating countdown to 57435
[01:54:20.115] [SEVERE ] updating countdown to 56932
[01:54:20.411] [SEVERE ] key 81 was pressed by player 1
[01:54:20.411] [SEVERE ] player 1 placing token on slot 0
[01:54:20.508] [SEVERE ] key 87 was pressed by player 1
[01:54:20.508] [SEVERE ] player 1 placing token on slot 1
[01:54:20.618] [SEVERE ] updating countdown to 56432
[01:54:20.899] [SEVERE ] key 83 was pressed by player 1
[01:54:20.899] [SEVERE ] player 1 placing token on slot 5
[01:54:20.899] [INFO   ] Thread dealer interrupted while wait for setCall
[01:54:20.951] [SEVERE ] removing tokens from slot 0
[01:54:20.951] [SEVERE ] removing card from slot 0
[01:54:21.011] [SEVERE ] removing tokens from slot 1
[01:54:21.012] [SEVERE ] removing card from slot 1
[01:54:21.074] [SEVERE ] removing tokens from slot 5
[01:54:21.074] [SEVERE ] removing card from slot 5
[01:54:21.074] [SEVERE ] setting player 1 score to 18
[01:54:21.074] [INFO   ] Thread dealer notified 0 with the answer POINT
[01:54:21.074] [SEVERE ] setting player 1 freeze to 0
[01:54:21.074] [SEVERE ] setting player 1 freeze to 0
[01:54:21.137] [SEVERE ] placing card 51 in slot 0
[01:54:21.199] [SEVERE ] placing card 26 in slot 1
[01:54:21.262] [SEVERE ] placing card 61 in slot 5
[01:54:21.263] [SEVERE ] updating countdown to 60000
[01:54:21.765] [SEVERE ] updating countdown to 60000
[01:54:22.276] [SEVERE ] updating countdown to 59499
[01:54:22.778] [SEVERE ] updating countdown to 58988
[01:54:23.084] [SEVERE ] key 81 was pressed by player 1
[01:54:23.084] [SEVERE ] player 1 placing token on slot 0
[01:54:23.281] [SEVERE ] updating countdown to 58486
[01:54:23.764] [SEVERE ] key 67 was pressed by player 1
[01:54:23.764] [SEVERE ] player 1 placing token on slot 10
[01:54:23.785] [SEVERE ] updating countdown to 57983
[01:54:23.820] [SEVERE ] key 86 was pressed by player 1
[01:54:23.820] [SEVERE ] player 1 placing token on slot 11
[01:54:23.821] [INFO   ] Thread dealer interrupted while wait for setCall
[01:54:23.880] [SEVERE ] removing tokens from slot 0
[01:54:23.880] [SEVERE ] removing card from slot 0
[01:54:23.942] [SEVERE ] removing tokens from slot 10
[01:54:23.942] [SEVERE ] removing card from slot 10
[01:54:24.004] [SEVERE ] removing tokens from slot 11
[01:54:24.004] [SEVERE ] removing card from slot 11
[01:54:24.004] [SEVERE ] setting player 1 score to 19
[01:54:24.004] [INFO   ] Thread dealer notified 0 with the answer POINT
[01:54:24.004] [SEVERE ] setting player 1 freeze to 0
[01:54:24.004] [SEVERE ] setting player 1 freeze to 0
[01:54:24.067] [SEVERE ] placing card 55 in slot 0
[01:54:24.129] [SEVERE ] placing card 21 in slot 10
[01:54:24.192] [SEVERE ] placing card 80 in slot 11
[01:54:24.192] [SEVERE ] updating countdown to 60000
[01:54:24.704] [SEVERE ] updating countdown to 60000
[01:54:25.220] [SEVERE ] updating countdown to 59488
[01:54:25.734] [SEVERE ] updating countdown to 58972
[01:54:26.235] [SEVERE ] updating countdown to 58458
[01:54:26.747] [SEVERE ] updating countdown to 57957
[01:54:27.261] [SEVERE ] updating countdown to 57445
[01:54:27.775] [SEVERE ] updating countdown to 56931
[01:54:28.011] [SEVERE ] exit button pressed
[01:54:28.011] [SEVERE ] player 2 placing token on slot 0
[01:54:28.011] [SEVERE ] player 1 placing token on slot 0
[01:54:28.011] [INFO   ] Thread player 1 terminated.
[01:54:28.011] [INFO   ] Thread player 0 terminated.
[01:54:28.289] [SEVERE ] updating countdown to 56417
[01:54:28.350] [SEVERE ] removing tokens from slot 0
[01:54:28.350] [SEVERE ] removing card from slot 0
[01:54:28.412] [SEVERE ] removing tokens from slot 1
[01:54:28.412] [SEVERE ] removing card from slot 1
[01:54:28.474] [SEVERE ] removing tokens from slot 2
[01:54:28.475] [SEVERE ] removing card from slot 2
[01:54:28.537] [SEVERE ] removing tokens from slot 3
[01:54:28.537] [SEVERE ] removing card from slot 3
[01:54:28.599] [SEVERE ] removing tokens from slot 4
[01:54:28.599] [SEVERE ] removing card from slot 4
[01:54:28.662] [SEVERE ] removing tokens from slot 5
[01:54:28.662] [SEVERE ] removing card from slot 5
[01:54:28.725] [SEVERE ] removing tokens from slot 6
[01:54:28.725] [SEVERE ] removing card from slot 6
[01:54:28.788] [SEVERE ] removing tokens from slot 7
[01:54:28.788] [SEVERE ] removing card from slot 7
[01:54:28.850] [SEVERE ] removing tokens from slot 8
[01:54:28.850] [SEVERE ] removing card from slot 8
[01:54:28.912] [SEVERE ] removing tokens from slot 9
[01:54:28.912] [SEVERE ] removing card from slot 9
[01:54:28.974] [SEVERE ] removing tokens from slot 10
[01:54:28.974] [SEVERE ] removing card from slot 10
[01:54:29.036] [SEVERE ] removing tokens from slot 11
[01:54:29.037] [SEVERE ] removing card from slot 11
[01:54:29.039] [SEVERE ] announcing winner(s): player 1
[01:54:29.041] [INFO   ] Thread dealer terminated.
[01:54:29.041] [INFO   ] thread dealer terminated.
[01:54:29.041] [SEVERE ] thanks for playing... it was fun!
[01:54:29.041] [INFO   ] thread main terminated.
