[02:01:26.457] [INFO   ] thread main starting.
[02:01:26.464] [SEVERE ] cannot read configuration file config.properties trying from resources.
[02:01:26.476] [SEVERE ] configuration file was loaded from resources directory.
[02:01:27.143] [INFO   ] thread dealer starting.
[02:01:27.143] [INFO   ] Thread dealer starting.
[02:01:27.145] [INFO   ] Thread player 0starting.
[02:01:27.145] [INFO   ] Thread player 1starting.
[02:01:27.200] [SEVERE ] placing card 2 in slot 0
[02:01:27.262] [SEVERE ] placing card 53 in slot 1
[02:01:27.325] [SEVERE ] placing card 57 in slot 2
[02:01:27.386] [SEVERE ] placing card 61 in slot 3
[02:01:27.461] [SEVERE ] placing card 72 in slot 4
[02:01:27.527] [SEVERE ] placing card 79 in slot 5
[02:01:27.588] [SEVERE ] placing card 28 in slot 6
[02:01:27.651] [SEVERE ] placing card 50 in slot 7
[02:01:27.713] [SEVERE ] placing card 31 in slot 8
[02:01:27.774] [SEVERE ] placing card 65 in slot 9
[02:01:27.835] [SEVERE ] placing card 62 in slot 10
[02:01:27.897] [SEVERE ] placing card 77 in slot 11
[02:01:27.911] [SEVERE ] updating countdown to 60000
[02:01:28.425] [SEVERE ] updating countdown to 60000
[02:01:28.936] [SEVERE ] updating countdown to 59489
[02:01:29.451] [SEVERE ] updating countdown to 58978
[02:01:29.849] [SEVERE ] key 81 was pressed by player 1
[02:01:29.850] [SEVERE ] player 1 placing token on slot 0
[02:01:29.919] [SEVERE ] key 87 was pressed by player 1
[02:01:29.920] [SEVERE ] player 1 placing token on slot 1
[02:01:29.963] [SEVERE ] updating countdown to 58463
[02:01:29.991] [SEVERE ] key 69 was pressed by player 1
[02:01:29.992] [SEVERE ] player 1 placing token on slot 2
[02:01:29.993] [INFO   ] Thread dealer interrupted while wait for setCall
[02:01:29.993] [INFO   ] Thread dealer notified 0 with the answer PENALTY
[02:01:29.994] [SEVERE ] setting player 1 freeze to 1000
[02:01:30.498] [SEVERE ] updating countdown to 57951
[02:01:31.002] [SEVERE ] updating countdown to 57416
[02:01:31.515] [SEVERE ] updating countdown to 56912
[02:01:32.027] [SEVERE ] updating countdown to 56399
[02:01:32.538] [SEVERE ] updating countdown to 55887
[02:01:32.994] [SEVERE ] setting player 1 freeze to -2000
[02:01:32.994] [SEVERE ] setting player 1 freeze to 0
[02:01:33.052] [SEVERE ] updating countdown to 55376
[02:01:33.117] [SEVERE ] exit button pressed
[02:01:33.118] [SEVERE ] player 2 placing token on slot 0
[02:01:33.118] [SEVERE ] removing player 1 token from slot 0
[02:01:33.118] [INFO   ] Thread player 1 terminated.
[02:01:33.119] [INFO   ] Thread player 0 terminated.
[02:01:33.566] [SEVERE ] updating countdown to 54862
[02:01:33.628] [SEVERE ] removing tokens from slot 0
[02:01:33.629] [SEVERE ] removing card from slot 0
[02:01:33.691] [SEVERE ] removing tokens from slot 1
[02:01:33.691] [SEVERE ] removing card from slot 1
[02:01:33.753] [SEVERE ] removing tokens from slot 2
[02:01:33.753] [SEVERE ] removing card from slot 2
[02:01:33.815] [SEVERE ] removing tokens from slot 3
[02:01:33.815] [SEVERE ] removing card from slot 3
[02:01:33.878] [SEVERE ] removing tokens from slot 4
[02:01:33.878] [SEVERE ] removing card from slot 4
[02:01:33.940] [SEVERE ] removing tokens from slot 5
[02:01:33.941] [SEVERE ] removing card from slot 5
[02:01:34.002] [SEVERE ] removing tokens from slot 6
[02:01:34.002] [SEVERE ] removing card from slot 6
[02:01:34.064] [SEVERE ] removing tokens from slot 7
[02:01:34.065] [SEVERE ] removing card from slot 7
[02:01:34.127] [SEVERE ] removing tokens from slot 8
[02:01:34.127] [SEVERE ] removing card from slot 8
[02:01:34.189] [SEVERE ] removing tokens from slot 9
[02:01:34.189] [SEVERE ] removing card from slot 9
[02:01:34.251] [SEVERE ] removing tokens from slot 10
[02:01:34.251] [SEVERE ] removing card from slot 10
[02:01:34.313] [SEVERE ] removing tokens from slot 11
[02:01:34.314] [SEVERE ] removing card from slot 11
[02:01:34.315] [SEVERE ] announcing winner(s): player 1, player 2
[02:01:34.318] [INFO   ] Thread dealer terminated.
[02:01:34.318] [INFO   ] thread dealer terminated.
[02:01:34.318] [SEVERE ] thanks for playing... it was fun!
[02:01:34.319] [INFO   ] thread main terminated.
